{"/Users/chris/dev-feepay/db-tool/src/config/db.js": {"path":"/Users/chris/dev-feepay/db-tool/src/config/db.js","statementMap":{"0":{"start":{"line":2,"column":17},"end":{"line":2,"column":19}},"1":{"start":{"line":5,"column":25},"end":{"line":11,"column":2}},"2":{"start":{"line":14,"column":26},"end":{"line":20,"column":2}}},"fnMap":{},"branchMap":{},"s":{"0":5,"1":5,"2":5},"f":{},"b":{},"inputSourceMap":null,"_coverageSchema":"1a1c01bbd47fc00a2c39e90264f33305004495a9","hash":"4bec555a8a02de2844a62be84bb821f5ce785819"}
,"/Users/chris/dev-feepay/db-tool/src/mappers/databaseToDomain.js": {"path":"/Users/chris/dev-feepay/db-tool/src/mappers/databaseToDomain.js","statementMap":{"0":{"start":{"line":28,"column":8},"end":{"line":28,"column":18}},"1":{"start":{"line":31,"column":20},"end":{"line":31,"column":29}},"2":{"start":{"line":33,"column":4},"end":{"line":50,"column":7}},"3":{"start":{"line":34,"column":20},"end":{"line":34,"column":40}},"4":{"start":{"line":36,"column":8},"end":{"line":39,"column":9}},"5":{"start":{"line":37,"column":31},"end":{"line":37,"column":44}},"6":{"start":{"line":38,"column":12},"end":{"line":38,"column":41}},"7":{"start":{"line":41,"column":27},"end":{"line":41,"column":43}},"8":{"start":{"line":42,"column":19},"end":{"line":42,"column":66}},"9":{"start":{"line":43,"column":8},"end":{"line":43,"column":47}},"10":{"start":{"line":44,"column":8},"end":{"line":44,"column":31}},"11":{"start":{"line":45,"column":8},"end":{"line":45,"column":54}},"12":{"start":{"line":46,"column":8},"end":{"line":46,"column":41}},"13":{"start":{"line":47,"column":8},"end":{"line":47,"column":41}},"14":{"start":{"line":49,"column":8},"end":{"line":49,"column":41}},"15":{"start":{"line":53,"column":4},"end":{"line":78,"column":7}},"16":{"start":{"line":54,"column":27},"end":{"line":54,"column":72}},"17":{"start":{"line":55,"column":8},"end":{"line":55,"column":32}},"18":{"start":{"line":55,"column":25},"end":{"line":55,"column":32}},"19":{"start":{"line":57,"column":19},"end":{"line":57,"column":99}},"20":{"start":{"line":58,"column":8},"end":{"line":58,"column":24}},"21":{"start":{"line":58,"column":17},"end":{"line":58,"column":24}},"22":{"start":{"line":60,"column":20},"end":{"line":60,"column":72}},"23":{"start":{"line":61,"column":8},"end":{"line":61,"column":34}},"24":{"start":{"line":62,"column":8},"end":{"line":62,"column":40}},"25":{"start":{"line":63,"column":8},"end":{"line":63,"column":43}},"26":{"start":{"line":64,"column":8},"end":{"line":64,"column":43}},"27":{"start":{"line":66,"column":8},"end":{"line":66,"column":23}},"28":{"start":{"line":69,"column":30},"end":{"line":69,"column":75}},"29":{"start":{"line":69,"column":53},"end":{"line":69,"column":74}},"30":{"start":{"line":70,"column":8},"end":{"line":77,"column":11}},"31":{"start":{"line":71,"column":30},"end":{"line":71,"column":94}},"32":{"start":{"line":72,"column":12},"end":{"line":72,"column":69}},"33":{"start":{"line":73,"column":12},"end":{"line":73,"column":59}},"34":{"start":{"line":74,"column":12},"end":{"line":74,"column":59}},"35":{"start":{"line":76,"column":12},"end":{"line":76,"column":40}},"36":{"start":{"line":81,"column":4},"end":{"line":126,"column":7}},"37":{"start":{"line":82,"column":27},"end":{"line":82,"column":76}},"38":{"start":{"line":83,"column":8},"end":{"line":83,"column":32}},"39":{"start":{"line":83,"column":25},"end":{"line":83,"column":32}},"40":{"start":{"line":85,"column":19},"end":{"line":85,"column":103}},"41":{"start":{"line":86,"column":8},"end":{"line":86,"column":24}},"42":{"start":{"line":86,"column":17},"end":{"line":86,"column":24}},"43":{"start":{"line":88,"column":24},"end":{"line":88,"column":74}},"44":{"start":{"line":89,"column":8},"end":{"line":89,"column":46}},"45":{"start":{"line":90,"column":8},"end":{"line":90,"column":50}},"46":{"start":{"line":91,"column":8},"end":{"line":91,"column":50}},"47":{"start":{"line":92,"column":8},"end":{"line":92,"column":54}},"48":{"start":{"line":93,"column":8},"end":{"line":93,"column":52}},"49":{"start":{"line":94,"column":8},"end":{"line":94,"column":65}},"50":{"start":{"line":95,"column":8},"end":{"line":95,"column":49}},"51":{"start":{"line":96,"column":8},"end":{"line":96,"column":49}},"52":{"start":{"line":97,"column":8},"end":{"line":97,"column":51}},"53":{"start":{"line":98,"column":8},"end":{"line":98,"column":51}},"54":{"start":{"line":99,"column":8},"end":{"line":99,"column":49}},"55":{"start":{"line":102,"column":38},"end":{"line":102,"column":95}},"56":{"start":{"line":102,"column":65},"end":{"line":102,"column":94}},"57":{"start":{"line":103,"column":8},"end":{"line":109,"column":11}},"58":{"start":{"line":105,"column":32},"end":{"line":105,"column":79}},"59":{"start":{"line":105,"column":47},"end":{"line":105,"column":78}},"60":{"start":{"line":106,"column":12},"end":{"line":108,"column":13}},"61":{"start":{"line":107,"column":16},"end":{"line":107,"column":93}},"62":{"start":{"line":111,"column":8},"end":{"line":111,"column":31}},"63":{"start":{"line":114,"column":31},"end":{"line":114,"column":95}},"64":{"start":{"line":114,"column":51},"end":{"line":114,"column":94}},"65":{"start":{"line":115,"column":8},"end":{"line":125,"column":11}},"66":{"start":{"line":116,"column":27},"end":{"line":116,"column":91}},"67":{"start":{"line":117,"column":12},"end":{"line":117,"column":51}},"68":{"start":{"line":118,"column":12},"end":{"line":118,"column":70}},"69":{"start":{"line":119,"column":12},"end":{"line":119,"column":53}},"70":{"start":{"line":120,"column":12},"end":{"line":120,"column":53}},"71":{"start":{"line":121,"column":12},"end":{"line":121,"column":51}},"72":{"start":{"line":122,"column":12},"end":{"line":122,"column":51}},"73":{"start":{"line":124,"column":12},"end":{"line":124,"column":38}},"74":{"start":{"line":129,"column":18},"end":{"line":129,"column":46}},"75":{"start":{"line":130,"column":4},"end":{"line":130,"column":49}},"76":{"start":{"line":137,"column":4},"end":{"line":137,"column":28}},"77":{"start":{"line":145,"column":17},"end":{"line":145,"column":61}},"78":{"start":{"line":145,"column":45},"end":{"line":145,"column":60}},"79":{"start":{"line":146,"column":4},"end":{"line":146,"column":27}},"80":{"start":{"line":146,"column":15},"end":{"line":146,"column":27}},"81":{"start":{"line":149,"column":4},"end":{"line":149,"column":97}},"82":{"start":{"line":149,"column":49},"end":{"line":149,"column":95}}},"fnMap":{"0":{"name":"mapDatabaseToDomain","decl":{"start":{"line":20,"column":16},"end":{"line":20,"column":35}},"loc":{"start":{"line":20,"column":48},"end":{"line":131,"column":1}},"line":20},"1":{"name":"(anonymous_1)","decl":{"start":{"line":33,"column":30},"end":{"line":33,"column":31}},"loc":{"start":{"line":33,"column":38},"end":{"line":50,"column":5}},"line":33},"2":{"name":"(anonymous_2)","decl":{"start":{"line":53,"column":17},"end":{"line":53,"column":18}},"loc":{"start":{"line":53,"column":26},"end":{"line":78,"column":5}},"line":53},"3":{"name":"(anonymous_3)","decl":{"start":{"line":69,"column":48},"end":{"line":69,"column":49}},"loc":{"start":{"line":69,"column":53},"end":{"line":69,"column":74}},"line":69},"4":{"name":"(anonymous_4)","decl":{"start":{"line":70,"column":30},"end":{"line":70,"column":31}},"loc":{"start":{"line":70,"column":45},"end":{"line":77,"column":9}},"line":70},"5":{"name":"(anonymous_5)","decl":{"start":{"line":81,"column":21},"end":{"line":81,"column":22}},"loc":{"start":{"line":81,"column":34},"end":{"line":126,"column":5}},"line":81},"6":{"name":"(anonymous_6)","decl":{"start":{"line":102,"column":60},"end":{"line":102,"column":61}},"loc":{"start":{"line":102,"column":65},"end":{"line":102,"column":94}},"line":102},"7":{"name":"(anonymous_7)","decl":{"start":{"line":103,"column":38},"end":{"line":103,"column":39}},"loc":{"start":{"line":103,"column":57},"end":{"line":109,"column":9}},"line":103},"8":{"name":"(anonymous_8)","decl":{"start":{"line":105,"column":42},"end":{"line":105,"column":43}},"loc":{"start":{"line":105,"column":47},"end":{"line":105,"column":78}},"line":105},"9":{"name":"(anonymous_9)","decl":{"start":{"line":114,"column":46},"end":{"line":114,"column":47}},"loc":{"start":{"line":114,"column":51},"end":{"line":114,"column":94}},"line":114},"10":{"name":"(anonymous_10)","decl":{"start":{"line":115,"column":31},"end":{"line":115,"column":32}},"loc":{"start":{"line":115,"column":43},"end":{"line":125,"column":9}},"line":115},"11":{"name":"findCaseByCCD","decl":{"start":{"line":136,"column":9},"end":{"line":136,"column":22}},"loc":{"start":{"line":136,"column":37},"end":{"line":138,"column":1}},"line":136},"12":{"name":"findServiceRequestByLinkId","decl":{"start":{"line":143,"column":9},"end":{"line":143,"column":35}},"loc":{"start":{"line":143,"column":75},"end":{"line":150,"column":1}},"line":143},"13":{"name":"(anonymous_13)","decl":{"start":{"line":145,"column":40},"end":{"line":145,"column":41}},"loc":{"start":{"line":145,"column":45},"end":{"line":145,"column":60}},"line":145},"14":{"name":"(anonymous_14)","decl":{"start":{"line":149,"column":43},"end":{"line":149,"column":44}},"loc":{"start":{"line":149,"column":49},"end":{"line":149,"column":95}},"line":149}},"branchMap":{"0":{"loc":{"start":{"line":36,"column":8},"end":{"line":39,"column":9}},"type":"if","locations":[{"start":{"line":36,"column":8},"end":{"line":39,"column":9}},{"start":{},"end":{}}],"line":36},"1":{"loc":{"start":{"line":55,"column":8},"end":{"line":55,"column":32}},"type":"if","locations":[{"start":{"line":55,"column":8},"end":{"line":55,"column":32}},{"start":{},"end":{}}],"line":55},"2":{"loc":{"start":{"line":58,"column":8},"end":{"line":58,"column":24}},"type":"if","locations":[{"start":{"line":58,"column":8},"end":{"line":58,"column":24}},{"start":{},"end":{}}],"line":58},"3":{"loc":{"start":{"line":83,"column":8},"end":{"line":83,"column":32}},"type":"if","locations":[{"start":{"line":83,"column":8},"end":{"line":83,"column":32}},{"start":{},"end":{}}],"line":83},"4":{"loc":{"start":{"line":86,"column":8},"end":{"line":86,"column":24}},"type":"if","locations":[{"start":{"line":86,"column":8},"end":{"line":86,"column":24}},{"start":{},"end":{}}],"line":86},"5":{"loc":{"start":{"line":106,"column":12},"end":{"line":108,"column":13}},"type":"if","locations":[{"start":{"line":106,"column":12},"end":{"line":108,"column":13}},{"start":{},"end":{}}],"line":106},"6":{"loc":{"start":{"line":130,"column":11},"end":{"line":130,"column":48}},"type":"cond-expr","locations":[{"start":{"line":130,"column":32},"end":{"line":130,"column":40}},{"start":{"line":130,"column":43},"end":{"line":130,"column":48}}],"line":130},"7":{"loc":{"start":{"line":146,"column":4},"end":{"line":146,"column":27}},"type":"if","locations":[{"start":{"line":146,"column":4},"end":{"line":146,"column":27}},{"start":{},"end":{}}],"line":146}},"s":{"0":15,"1":15,"2":15,"3":17,"4":17,"5":15,"6":15,"7":17,"8":17,"9":17,"10":17,"11":17,"12":17,"13":17,"14":17,"15":15,"16":14,"17":14,"18":0,"19":14,"20":14,"21":1,"22":13,"23":13,"24":13,"25":13,"26":13,"27":13,"28":13,"29":5,"30":13,"31":4,"32":4,"33":4,"34":4,"35":4,"36":15,"37":10,"38":10,"39":0,"40":10,"41":10,"42":1,"43":9,"44":9,"45":9,"46":9,"47":9,"48":9,"49":9,"50":9,"51":9,"52":9,"53":9,"54":9,"55":9,"56":8,"57":9,"58":6,"59":9,"60":6,"61":6,"62":9,"63":9,"64":5,"65":9,"66":4,"67":4,"68":4,"69":4,"70":4,"71":4,"72":4,"73":4,"74":15,"75":15,"76":24,"77":24,"78":27,"79":24,"80":2,"81":22,"82":25},"f":{"0":15,"1":17,"2":14,"3":5,"4":4,"5":10,"6":8,"7":6,"8":9,"9":5,"10":4,"11":24,"12":24,"13":27,"14":25},"b":{"0":[15,2],"1":[0,14],"2":[1,13],"3":[0,10],"4":[1,9],"5":[6,0],"6":[13,2],"7":[2,22]},"inputSourceMap":null,"_coverageSchema":"1a1c01bbd47fc00a2c39e90264f33305004495a9","hash":"4a226b6aa3d734b89250811bde2069bddbd636a3"}
,"/Users/chris/dev-feepay/db-tool/src/mappers/domainToDatabase.js": {"path":"/Users/chris/dev-feepay/db-tool/src/mappers/domainToDatabase.js","statementMap":{"0":{"start":{"line":18,"column":19},"end":{"line":25,"column":5}},"1":{"start":{"line":27,"column":17},"end":{"line":27,"column":18}},"2":{"start":{"line":28,"column":16},"end":{"line":28,"column":17}},"3":{"start":{"line":29,"column":20},"end":{"line":29,"column":21}},"4":{"start":{"line":30,"column":19},"end":{"line":30,"column":20}},"5":{"start":{"line":31,"column":22},"end":{"line":31,"column":23}},"6":{"start":{"line":32,"column":26},"end":{"line":32,"column":27}},"7":{"start":{"line":34,"column":4},"end":{"line":158,"column":7}},"8":{"start":{"line":36,"column":21},"end":{"line":36,"column":41}},"9":{"start":{"line":37,"column":8},"end":{"line":37,"column":25}},"10":{"start":{"line":38,"column":8},"end":{"line":38,"column":53}},"11":{"start":{"line":39,"column":8},"end":{"line":39,"column":48}},"12":{"start":{"line":40,"column":8},"end":{"line":40,"column":47}},"13":{"start":{"line":41,"column":8},"end":{"line":41,"column":31}},"14":{"start":{"line":42,"column":8},"end":{"line":42,"column":54}},"15":{"start":{"line":43,"column":8},"end":{"line":43,"column":55}},"16":{"start":{"line":44,"column":8},"end":{"line":44,"column":55}},"17":{"start":{"line":47,"column":26},"end":{"line":47,"column":41}},"18":{"start":{"line":48,"column":8},"end":{"line":48,"column":46}},"19":{"start":{"line":50,"column":8},"end":{"line":50,"column":44}},"20":{"start":{"line":53,"column":8},"end":{"line":88,"column":11}},"21":{"start":{"line":54,"column":24},"end":{"line":54,"column":35}},"22":{"start":{"line":55,"column":12},"end":{"line":55,"column":27}},"23":{"start":{"line":56,"column":12},"end":{"line":56,"column":41}},"24":{"start":{"line":57,"column":12},"end":{"line":57,"column":38}},"25":{"start":{"line":58,"column":12},"end":{"line":58,"column":44}},"26":{"start":{"line":59,"column":12},"end":{"line":59,"column":46}},"27":{"start":{"line":60,"column":12},"end":{"line":60,"column":47}},"28":{"start":{"line":61,"column":12},"end":{"line":61,"column":87}},"29":{"start":{"line":62,"column":12},"end":{"line":62,"column":66}},"30":{"start":{"line":63,"column":12},"end":{"line":63,"column":44}},"31":{"start":{"line":64,"column":12},"end":{"line":64,"column":51}},"32":{"start":{"line":65,"column":12},"end":{"line":65,"column":48}},"33":{"start":{"line":66,"column":12},"end":{"line":66,"column":65}},"34":{"start":{"line":67,"column":12},"end":{"line":67,"column":65}},"35":{"start":{"line":69,"column":12},"end":{"line":69,"column":34}},"36":{"start":{"line":72,"column":12},"end":{"line":85,"column":15}},"37":{"start":{"line":73,"column":34},"end":{"line":73,"column":51}},"38":{"start":{"line":74,"column":16},"end":{"line":74,"column":43}},"39":{"start":{"line":75,"column":16},"end":{"line":75,"column":41}},"40":{"start":{"line":76,"column":16},"end":{"line":76,"column":71}},"41":{"start":{"line":77,"column":16},"end":{"line":77,"column":62}},"42":{"start":{"line":78,"column":16},"end":{"line":78,"column":77}},"43":{"start":{"line":79,"column":16},"end":{"line":79,"column":61}},"44":{"start":{"line":80,"column":16},"end":{"line":80,"column":81}},"45":{"start":{"line":81,"column":16},"end":{"line":81,"column":81}},"46":{"start":{"line":83,"column":16},"end":{"line":83,"column":50}},"47":{"start":{"line":84,"column":16},"end":{"line":84,"column":30}},"48":{"start":{"line":87,"column":12},"end":{"line":87,"column":20}},"49":{"start":{"line":91,"column":8},"end":{"line":155,"column":11}},"50":{"start":{"line":92,"column":28},"end":{"line":92,"column":43}},"51":{"start":{"line":93,"column":12},"end":{"line":93,"column":35}},"52":{"start":{"line":94,"column":12},"end":{"line":94,"column":45}},"53":{"start":{"line":95,"column":12},"end":{"line":95,"column":56}},"54":{"start":{"line":96,"column":12},"end":{"line":96,"column":50}},"55":{"start":{"line":97,"column":12},"end":{"line":97,"column":63}},"56":{"start":{"line":98,"column":12},"end":{"line":98,"column":58}},"57":{"start":{"line":99,"column":12},"end":{"line":99,"column":58}},"58":{"start":{"line":100,"column":12},"end":{"line":100,"column":62}},"59":{"start":{"line":101,"column":12},"end":{"line":101,"column":60}},"60":{"start":{"line":102,"column":12},"end":{"line":102,"column":73}},"61":{"start":{"line":103,"column":12},"end":{"line":103,"column":57}},"62":{"start":{"line":104,"column":12},"end":{"line":104,"column":57}},"63":{"start":{"line":105,"column":12},"end":{"line":105,"column":55}},"64":{"start":{"line":106,"column":12},"end":{"line":106,"column":73}},"65":{"start":{"line":107,"column":12},"end":{"line":107,"column":73}},"66":{"start":{"line":108,"column":12},"end":{"line":108,"column":57}},"67":{"start":{"line":110,"column":12},"end":{"line":110,"column":42}},"68":{"start":{"line":113,"column":12},"end":{"line":130,"column":15}},"69":{"start":{"line":114,"column":31},"end":{"line":114,"column":45}},"70":{"start":{"line":115,"column":16},"end":{"line":115,"column":37}},"71":{"start":{"line":116,"column":16},"end":{"line":116,"column":58}},"72":{"start":{"line":117,"column":16},"end":{"line":117,"column":52}},"73":{"start":{"line":118,"column":16},"end":{"line":118,"column":52}},"74":{"start":{"line":119,"column":16},"end":{"line":119,"column":59}},"75":{"start":{"line":120,"column":16},"end":{"line":120,"column":78}},"76":{"start":{"line":121,"column":16},"end":{"line":121,"column":67}},"77":{"start":{"line":122,"column":16},"end":{"line":122,"column":58}},"78":{"start":{"line":123,"column":16},"end":{"line":123,"column":75}},"79":{"start":{"line":124,"column":16},"end":{"line":124,"column":75}},"80":{"start":{"line":125,"column":16},"end":{"line":125,"column":59}},"81":{"start":{"line":126,"column":16},"end":{"line":126,"column":59}},"82":{"start":{"line":128,"column":16},"end":{"line":128,"column":44}},"83":{"start":{"line":129,"column":16},"end":{"line":129,"column":27}},"84":{"start":{"line":133,"column":12},"end":{"line":152,"column":15}},"85":{"start":{"line":135,"column":36},"end":{"line":135,"column":88}},"86":{"start":{"line":135,"column":58},"end":{"line":135,"column":87}},"87":{"start":{"line":137,"column":16},"end":{"line":151,"column":17}},"88":{"start":{"line":138,"column":42},"end":{"line":138,"column":63}},"89":{"start":{"line":139,"column":20},"end":{"line":139,"column":55}},"90":{"start":{"line":140,"column":20},"end":{"line":140,"column":57}},"91":{"start":{"line":141,"column":20},"end":{"line":141,"column":58}},"92":{"start":{"line":142,"column":20},"end":{"line":142,"column":59}},"93":{"start":{"line":143,"column":20},"end":{"line":143,"column":71}},"94":{"start":{"line":144,"column":20},"end":{"line":144,"column":61}},"95":{"start":{"line":145,"column":20},"end":{"line":145,"column":69}},"96":{"start":{"line":146,"column":20},"end":{"line":146,"column":60}},"97":{"start":{"line":147,"column":20},"end":{"line":147,"column":60}},"98":{"start":{"line":149,"column":20},"end":{"line":149,"column":62}},"99":{"start":{"line":150,"column":20},"end":{"line":150,"column":38}},"100":{"start":{"line":154,"column":12},"end":{"line":154,"column":24}},"101":{"start":{"line":157,"column":8},"end":{"line":157,"column":17}},"102":{"start":{"line":160,"column":4},"end":{"line":160,"column":18}},"103":{"start":{"line":167,"column":30},"end":{"line":175,"column":5}},"104":{"start":{"line":178,"column":4},"end":{"line":188,"column":7}},"105":{"start":{"line":179,"column":23},"end":{"line":179,"column":38}},"106":{"start":{"line":180,"column":8},"end":{"line":182,"column":9}},"107":{"start":{"line":181,"column":12},"end":{"line":181,"column":46}},"108":{"start":{"line":183,"column":8},"end":{"line":187,"column":11}},"109":{"start":{"line":191,"column":4},"end":{"line":201,"column":7}},"110":{"start":{"line":192,"column":23},"end":{"line":192,"column":37}},"111":{"start":{"line":193,"column":8},"end":{"line":195,"column":9}},"112":{"start":{"line":194,"column":12},"end":{"line":194,"column":46}},"113":{"start":{"line":196,"column":8},"end":{"line":200,"column":11}},"114":{"start":{"line":204,"column":4},"end":{"line":214,"column":7}},"115":{"start":{"line":205,"column":23},"end":{"line":205,"column":41}},"116":{"start":{"line":206,"column":8},"end":{"line":208,"column":9}},"117":{"start":{"line":207,"column":12},"end":{"line":207,"column":46}},"118":{"start":{"line":209,"column":8},"end":{"line":213,"column":11}},"119":{"start":{"line":217,"column":4},"end":{"line":227,"column":7}},"120":{"start":{"line":218,"column":23},"end":{"line":218,"column":40}},"121":{"start":{"line":219,"column":8},"end":{"line":221,"column":9}},"122":{"start":{"line":220,"column":12},"end":{"line":220,"column":46}},"123":{"start":{"line":222,"column":8},"end":{"line":226,"column":11}},"124":{"start":{"line":230,"column":4},"end":{"line":240,"column":7}},"125":{"start":{"line":231,"column":23},"end":{"line":231,"column":43}},"126":{"start":{"line":232,"column":8},"end":{"line":234,"column":9}},"127":{"start":{"line":233,"column":12},"end":{"line":233,"column":46}},"128":{"start":{"line":235,"column":8},"end":{"line":239,"column":11}},"129":{"start":{"line":243,"column":4},"end":{"line":253,"column":7}},"130":{"start":{"line":244,"column":23},"end":{"line":244,"column":47}},"131":{"start":{"line":245,"column":8},"end":{"line":247,"column":9}},"132":{"start":{"line":246,"column":12},"end":{"line":246,"column":46}},"133":{"start":{"line":248,"column":8},"end":{"line":252,"column":11}},"134":{"start":{"line":255,"column":4},"end":{"line":255,"column":29}}},"fnMap":{"0":{"name":"mapCaseToDatabase","decl":{"start":{"line":17,"column":16},"end":{"line":17,"column":33}},"loc":{"start":{"line":17,"column":46},"end":{"line":161,"column":1}},"line":17},"1":{"name":"(anonymous_1)","decl":{"start":{"line":34,"column":39},"end":{"line":34,"column":40}},"loc":{"start":{"line":34,"column":45},"end":{"line":158,"column":5}},"line":34},"2":{"name":"(anonymous_2)","decl":{"start":{"line":53,"column":24},"end":{"line":53,"column":25}},"loc":{"start":{"line":53,"column":37},"end":{"line":88,"column":9}},"line":53},"3":{"name":"(anonymous_3)","decl":{"start":{"line":72,"column":41},"end":{"line":72,"column":42}},"loc":{"start":{"line":72,"column":60},"end":{"line":85,"column":13}},"line":72},"4":{"name":"(anonymous_4)","decl":{"start":{"line":91,"column":28},"end":{"line":91,"column":29}},"loc":{"start":{"line":91,"column":45},"end":{"line":155,"column":9}},"line":91},"5":{"name":"(anonymous_5)","decl":{"start":{"line":113,"column":42},"end":{"line":113,"column":43}},"loc":{"start":{"line":113,"column":58},"end":{"line":130,"column":13}},"line":113},"6":{"name":"(anonymous_6)","decl":{"start":{"line":133,"column":49},"end":{"line":133,"column":50}},"loc":{"start":{"line":133,"column":63},"end":{"line":152,"column":13}},"line":133},"7":{"name":"(anonymous_7)","decl":{"start":{"line":135,"column":53},"end":{"line":135,"column":54}},"loc":{"start":{"line":135,"column":58},"end":{"line":135,"column":87}},"line":135},"8":{"name":"validateDatabaseEntities","decl":{"start":{"line":166,"column":16},"end":{"line":166,"column":40}},"loc":{"start":{"line":166,"column":53},"end":{"line":256,"column":1}},"line":166},"9":{"name":"(anonymous_9)","decl":{"start":{"line":178,"column":41},"end":{"line":178,"column":42}},"loc":{"start":{"line":178,"column":58},"end":{"line":188,"column":5}},"line":178},"10":{"name":"(anonymous_10)","decl":{"start":{"line":191,"column":28},"end":{"line":191,"column":29}},"loc":{"start":{"line":191,"column":44},"end":{"line":201,"column":5}},"line":191},"11":{"name":"(anonymous_11)","decl":{"start":{"line":204,"column":32},"end":{"line":204,"column":33}},"loc":{"start":{"line":204,"column":52},"end":{"line":214,"column":5}},"line":204},"12":{"name":"(anonymous_12)","decl":{"start":{"line":217,"column":31},"end":{"line":217,"column":32}},"loc":{"start":{"line":217,"column":50},"end":{"line":227,"column":5}},"line":217},"13":{"name":"(anonymous_13)","decl":{"start":{"line":230,"column":34},"end":{"line":230,"column":35}},"loc":{"start":{"line":230,"column":56},"end":{"line":240,"column":5}},"line":230},"14":{"name":"(anonymous_14)","decl":{"start":{"line":243,"column":38},"end":{"line":243,"column":39}},"loc":{"start":{"line":243,"column":64},"end":{"line":253,"column":5}},"line":243}},"branchMap":{"0":{"loc":{"start":{"line":43,"column":28},"end":{"line":43,"column":54}},"type":"binary-expr","locations":[{"start":{"line":43,"column":28},"end":{"line":43,"column":40}},{"start":{"line":43,"column":44},"end":{"line":43,"column":54}}],"line":43},"1":{"loc":{"start":{"line":44,"column":28},"end":{"line":44,"column":54}},"type":"binary-expr","locations":[{"start":{"line":44,"column":28},"end":{"line":44,"column":40}},{"start":{"line":44,"column":44},"end":{"line":44,"column":54}}],"line":44},"2":{"loc":{"start":{"line":60,"column":25},"end":{"line":60,"column":46}},"type":"binary-expr","locations":[{"start":{"line":60,"column":25},"end":{"line":60,"column":41}},{"start":{"line":60,"column":45},"end":{"line":60,"column":46}}],"line":60},"3":{"loc":{"start":{"line":61,"column":64},"end":{"line":61,"column":85}},"type":"binary-expr","locations":[{"start":{"line":61,"column":64},"end":{"line":61,"column":80}},{"start":{"line":61,"column":84},"end":{"line":61,"column":85}}],"line":61},"4":{"loc":{"start":{"line":66,"column":31},"end":{"line":66,"column":64}},"type":"binary-expr","locations":[{"start":{"line":66,"column":31},"end":{"line":66,"column":50}},{"start":{"line":66,"column":54},"end":{"line":66,"column":64}}],"line":66},"5":{"loc":{"start":{"line":67,"column":31},"end":{"line":67,"column":64}},"type":"binary-expr","locations":[{"start":{"line":67,"column":31},"end":{"line":67,"column":50}},{"start":{"line":67,"column":54},"end":{"line":67,"column":64}}],"line":67},"6":{"loc":{"start":{"line":80,"column":41},"end":{"line":80,"column":80}},"type":"binary-expr","locations":[{"start":{"line":80,"column":41},"end":{"line":80,"column":66}},{"start":{"line":80,"column":70},"end":{"line":80,"column":80}}],"line":80},"7":{"loc":{"start":{"line":81,"column":41},"end":{"line":81,"column":80}},"type":"binary-expr","locations":[{"start":{"line":81,"column":41},"end":{"line":81,"column":66}},{"start":{"line":81,"column":70},"end":{"line":81,"column":80}}],"line":81},"8":{"loc":{"start":{"line":97,"column":31},"end":{"line":97,"column":62}},"type":"binary-expr","locations":[{"start":{"line":97,"column":31},"end":{"line":97,"column":53}},{"start":{"line":97,"column":57},"end":{"line":97,"column":62}}],"line":97},"9":{"loc":{"start":{"line":106,"column":35},"end":{"line":106,"column":72}},"type":"binary-expr","locations":[{"start":{"line":106,"column":35},"end":{"line":106,"column":58}},{"start":{"line":106,"column":62},"end":{"line":106,"column":72}}],"line":106},"10":{"loc":{"start":{"line":107,"column":35},"end":{"line":107,"column":72}},"type":"binary-expr","locations":[{"start":{"line":107,"column":35},"end":{"line":107,"column":58}},{"start":{"line":107,"column":62},"end":{"line":107,"column":72}}],"line":107},"11":{"loc":{"start":{"line":123,"column":38},"end":{"line":123,"column":74}},"type":"binary-expr","locations":[{"start":{"line":123,"column":38},"end":{"line":123,"column":60}},{"start":{"line":123,"column":64},"end":{"line":123,"column":74}}],"line":123},"12":{"loc":{"start":{"line":124,"column":38},"end":{"line":124,"column":74}},"type":"binary-expr","locations":[{"start":{"line":124,"column":38},"end":{"line":124,"column":60}},{"start":{"line":124,"column":64},"end":{"line":124,"column":74}}],"line":124},"13":{"loc":{"start":{"line":137,"column":16},"end":{"line":151,"column":17}},"type":"if","locations":[{"start":{"line":137,"column":16},"end":{"line":151,"column":17}},{"start":{},"end":{}}],"line":137},"14":{"loc":{"start":{"line":180,"column":8},"end":{"line":182,"column":9}},"type":"if","locations":[{"start":{"line":180,"column":8},"end":{"line":182,"column":9}},{"start":{},"end":{}}],"line":180},"15":{"loc":{"start":{"line":193,"column":8},"end":{"line":195,"column":9}},"type":"if","locations":[{"start":{"line":193,"column":8},"end":{"line":195,"column":9}},{"start":{},"end":{}}],"line":193},"16":{"loc":{"start":{"line":206,"column":8},"end":{"line":208,"column":9}},"type":"if","locations":[{"start":{"line":206,"column":8},"end":{"line":208,"column":9}},{"start":{},"end":{}}],"line":206},"17":{"loc":{"start":{"line":219,"column":8},"end":{"line":221,"column":9}},"type":"if","locations":[{"start":{"line":219,"column":8},"end":{"line":221,"column":9}},{"start":{},"end":{}}],"line":219},"18":{"loc":{"start":{"line":232,"column":8},"end":{"line":234,"column":9}},"type":"if","locations":[{"start":{"line":232,"column":8},"end":{"line":234,"column":9}},{"start":{},"end":{}}],"line":232},"19":{"loc":{"start":{"line":245,"column":8},"end":{"line":247,"column":9}},"type":"if","locations":[{"start":{"line":245,"column":8},"end":{"line":247,"column":9}},{"start":{},"end":{}}],"line":245}},"s":{"0":15,"1":15,"2":15,"3":15,"4":15,"5":15,"6":15,"7":15,"8":17,"9":17,"10":17,"11":17,"12":17,"13":17,"14":17,"15":17,"16":17,"17":17,"18":17,"19":17,"20":17,"21":16,"22":16,"23":16,"24":16,"25":16,"26":16,"27":16,"28":16,"29":16,"30":16,"31":16,"32":16,"33":16,"34":16,"35":16,"36":16,"37":5,"38":5,"39":5,"40":5,"41":5,"42":5,"43":5,"44":5,"45":5,"46":5,"47":5,"48":16,"49":17,"50":11,"51":11,"52":11,"53":11,"54":11,"55":11,"56":11,"57":11,"58":11,"59":11,"60":11,"61":11,"62":11,"63":11,"64":11,"65":11,"66":11,"67":11,"68":11,"69":4,"70":4,"71":4,"72":4,"73":4,"74":4,"75":4,"76":4,"77":4,"78":4,"79":4,"80":4,"81":4,"82":4,"83":4,"84":11,"85":6,"86":9,"87":6,"88":6,"89":6,"90":6,"91":6,"92":6,"93":6,"94":6,"95":6,"96":6,"97":6,"98":6,"99":6,"100":11,"101":17,"102":15,"103":2,"104":2,"105":2,"106":2,"107":1,"108":2,"109":2,"110":2,"111":2,"112":1,"113":2,"114":2,"115":1,"116":1,"117":0,"118":1,"119":2,"120":0,"121":0,"122":0,"123":0,"124":2,"125":0,"126":0,"127":0,"128":0,"129":2,"130":0,"131":0,"132":0,"133":0,"134":2},"f":{"0":15,"1":17,"2":16,"3":5,"4":11,"5":4,"6":6,"7":9,"8":2,"9":2,"10":2,"11":1,"12":0,"13":0,"14":0},"b":{"0":[17,16],"1":[17,16],"2":[16,0],"3":[16,0],"4":[16,15],"5":[16,15],"6":[5,4],"7":[5,5],"8":[11,0],"9":[11,10],"10":[11,10],"11":[4,3],"12":[4,4],"13":[6,0],"14":[1,1],"15":[1,1],"16":[0,1],"17":[0,0],"18":[0,0],"19":[0,0]},"inputSourceMap":null,"_coverageSchema":"1a1c01bbd47fc00a2c39e90264f33305004495a9","hash":"4d3e9ba7fe82d49278ae0eb5ee781188f1e61689"}
,"/Users/chris/dev-feepay/db-tool/src/models/Case.js": {"path":"/Users/chris/dev-feepay/db-tool/src/models/Case.js","statementMap":{"0":{"start":{"line":13,"column":8},"end":{"line":13,"column":43}},"1":{"start":{"line":14,"column":8},"end":{"line":14,"column":34}},"2":{"start":{"line":18,"column":8},"end":{"line":18,"column":50}},"3":{"start":{"line":25,"column":23},"end":{"line":48,"column":10}},"4":{"start":{"line":26,"column":30},"end":{"line":26,"column":45}},"5":{"start":{"line":27,"column":12},"end":{"line":37,"column":14}},"6":{"start":{"line":50,"column":8},"end":{"line":54,"column":10}},"7":{"start":{"line":64,"column":8},"end":{"line":64,"column":21}},"8":{"start":{"line":65,"column":8},"end":{"line":65,"column":49}},"9":{"start":{"line":66,"column":8},"end":{"line":66,"column":43}},"10":{"start":{"line":67,"column":8},"end":{"line":67,"column":43}},"11":{"start":{"line":68,"column":8},"end":{"line":68,"column":23}},"12":{"start":{"line":69,"column":8},"end":{"line":69,"column":27}},"13":{"start":{"line":70,"column":8},"end":{"line":70,"column":32}},"14":{"start":{"line":71,"column":8},"end":{"line":71,"column":32}},"15":{"start":{"line":72,"column":8},"end":{"line":72,"column":26}},"16":{"start":{"line":73,"column":8},"end":{"line":73,"column":42}},"17":{"start":{"line":74,"column":8},"end":{"line":74,"column":46}},"18":{"start":{"line":78,"column":8},"end":{"line":78,"column":28}},"19":{"start":{"line":82,"column":8},"end":{"line":82,"column":36}},"20":{"start":{"line":89,"column":8},"end":{"line":89,"column":65}},"21":{"start":{"line":89,"column":48},"end":{"line":89,"column":63}},"22":{"start":{"line":96,"column":26},"end":{"line":96,"column":92}},"23":{"start":{"line":96,"column":57},"end":{"line":96,"column":88}},"24":{"start":{"line":97,"column":32},"end":{"line":99,"column":13}},"25":{"start":{"line":98,"column":12},"end":{"line":98,"column":89}},"26":{"start":{"line":98,"column":57},"end":{"line":98,"column":84}},"27":{"start":{"line":101,"column":30},"end":{"line":101,"column":108}},"28":{"start":{"line":101,"column":69},"end":{"line":101,"column":104}},"29":{"start":{"line":102,"column":29},"end":{"line":104,"column":13}},"30":{"start":{"line":103,"column":12},"end":{"line":103,"column":90}},"31":{"start":{"line":103,"column":58},"end":{"line":103,"column":85}},"32":{"start":{"line":106,"column":8},"end":{"line":117,"column":10}},"33":{"start":{"line":114,"column":59},"end":{"line":114,"column":86}},"34":{"start":{"line":126,"column":8},"end":{"line":126,"column":21}},"35":{"start":{"line":127,"column":8},"end":{"line":127,"column":25}},"36":{"start":{"line":128,"column":8},"end":{"line":128,"column":31}},"37":{"start":{"line":129,"column":8},"end":{"line":129,"column":24}},"38":{"start":{"line":130,"column":8},"end":{"line":130,"column":34}},"39":{"start":{"line":131,"column":8},"end":{"line":131,"column":27}},"40":{"start":{"line":132,"column":8},"end":{"line":132,"column":27}},"41":{"start":{"line":133,"column":8},"end":{"line":133,"column":24}},"42":{"start":{"line":134,"column":8},"end":{"line":134,"column":30}},"43":{"start":{"line":135,"column":8},"end":{"line":135,"column":29}},"44":{"start":{"line":136,"column":8},"end":{"line":136,"column":32}},"45":{"start":{"line":137,"column":8},"end":{"line":137,"column":32}},"46":{"start":{"line":141,"column":8},"end":{"line":141,"column":40}},"47":{"start":{"line":150,"column":8},"end":{"line":150,"column":21}},"48":{"start":{"line":151,"column":8},"end":{"line":151,"column":35}},"49":{"start":{"line":152,"column":8},"end":{"line":152,"column":29}},"50":{"start":{"line":153,"column":8},"end":{"line":153,"column":30}},"51":{"start":{"line":154,"column":8},"end":{"line":154,"column":27}},"52":{"start":{"line":155,"column":8},"end":{"line":155,"column":27}},"53":{"start":{"line":156,"column":8},"end":{"line":156,"column":29}},"54":{"start":{"line":157,"column":8},"end":{"line":157,"column":28}},"55":{"start":{"line":158,"column":8},"end":{"line":158,"column":38}},"56":{"start":{"line":159,"column":8},"end":{"line":159,"column":38}},"57":{"start":{"line":160,"column":8},"end":{"line":160,"column":30}},"58":{"start":{"line":161,"column":8},"end":{"line":161,"column":30}},"59":{"start":{"line":162,"column":8},"end":{"line":162,"column":32}},"60":{"start":{"line":163,"column":8},"end":{"line":163,"column":32}},"61":{"start":{"line":164,"column":8},"end":{"line":164,"column":31}},"62":{"start":{"line":165,"column":8},"end":{"line":165,"column":26}},"63":{"start":{"line":166,"column":8},"end":{"line":166,"column":32}},"64":{"start":{"line":167,"column":8},"end":{"line":167,"column":33}},"65":{"start":{"line":171,"column":8},"end":{"line":171,"column":34}},"66":{"start":{"line":175,"column":8},"end":{"line":175,"column":40}},"67":{"start":{"line":179,"column":8},"end":{"line":179,"column":48}},"68":{"start":{"line":188,"column":8},"end":{"line":188,"column":21}},"69":{"start":{"line":189,"column":8},"end":{"line":189,"column":35}},"70":{"start":{"line":190,"column":8},"end":{"line":190,"column":29}},"71":{"start":{"line":191,"column":8},"end":{"line":191,"column":27}},"72":{"start":{"line":192,"column":8},"end":{"line":192,"column":31}},"73":{"start":{"line":193,"column":8},"end":{"line":193,"column":27}},"74":{"start":{"line":194,"column":8},"end":{"line":194,"column":42}},"75":{"start":{"line":195,"column":8},"end":{"line":195,"column":37}},"76":{"start":{"line":196,"column":8},"end":{"line":196,"column":32}},"77":{"start":{"line":197,"column":8},"end":{"line":197,"column":32}},"78":{"start":{"line":198,"column":8},"end":{"line":198,"column":30}},"79":{"start":{"line":199,"column":8},"end":{"line":199,"column":30}},"80":{"start":{"line":200,"column":8},"end":{"line":200,"column":32}},"81":{"start":{"line":201,"column":8},"end":{"line":201,"column":23}},"82":{"start":{"line":205,"column":8},"end":{"line":205,"column":40}},"83":{"start":{"line":209,"column":8},"end":{"line":209,"column":28}},"84":{"start":{"line":218,"column":8},"end":{"line":218,"column":21}},"85":{"start":{"line":219,"column":8},"end":{"line":219,"column":41}},"86":{"start":{"line":220,"column":8},"end":{"line":220,"column":29}},"87":{"start":{"line":221,"column":8},"end":{"line":221,"column":36}},"88":{"start":{"line":222,"column":8},"end":{"line":222,"column":39}},"89":{"start":{"line":223,"column":8},"end":{"line":223,"column":32}},"90":{"start":{"line":224,"column":8},"end":{"line":224,"column":32}},"91":{"start":{"line":233,"column":8},"end":{"line":233,"column":21}},"92":{"start":{"line":234,"column":8},"end":{"line":234,"column":29}},"93":{"start":{"line":235,"column":8},"end":{"line":235,"column":35}},"94":{"start":{"line":236,"column":8},"end":{"line":236,"column":30}},"95":{"start":{"line":237,"column":8},"end":{"line":237,"column":28}},"96":{"start":{"line":238,"column":8},"end":{"line":238,"column":32}},"97":{"start":{"line":239,"column":8},"end":{"line":239,"column":32}},"98":{"start":{"line":248,"column":8},"end":{"line":248,"column":21}},"99":{"start":{"line":249,"column":8},"end":{"line":249,"column":29}},"100":{"start":{"line":250,"column":8},"end":{"line":250,"column":26}},"101":{"start":{"line":251,"column":8},"end":{"line":251,"column":32}},"102":{"start":{"line":252,"column":8},"end":{"line":252,"column":30}},"103":{"start":{"line":261,"column":8},"end":{"line":261,"column":21}},"104":{"start":{"line":262,"column":8},"end":{"line":262,"column":27}},"105":{"start":{"line":263,"column":8},"end":{"line":263,"column":47}},"106":{"start":{"line":264,"column":8},"end":{"line":264,"column":34}},"107":{"start":{"line":265,"column":8},"end":{"line":265,"column":38}},"108":{"start":{"line":266,"column":8},"end":{"line":266,"column":32}},"109":{"start":{"line":267,"column":8},"end":{"line":267,"column":32}},"110":{"start":{"line":276,"column":8},"end":{"line":276,"column":21}},"111":{"start":{"line":277,"column":8},"end":{"line":277,"column":27}},"112":{"start":{"line":278,"column":8},"end":{"line":278,"column":41}},"113":{"start":{"line":279,"column":8},"end":{"line":279,"column":25}},"114":{"start":{"line":280,"column":8},"end":{"line":280,"column":28}},"115":{"start":{"line":281,"column":8},"end":{"line":281,"column":27}}},"fnMap":{"0":{"name":"(anonymous_0)","decl":{"start":{"line":12,"column":4},"end":{"line":12,"column":5}},"loc":{"start":{"line":12,"column":31},"end":{"line":15,"column":5}},"line":12},"1":{"name":"(anonymous_1)","decl":{"start":{"line":17,"column":4},"end":{"line":17,"column":5}},"loc":{"start":{"line":17,"column":38},"end":{"line":19,"column":5}},"line":17},"2":{"name":"(anonymous_2)","decl":{"start":{"line":24,"column":4},"end":{"line":24,"column":5}},"loc":{"start":{"line":24,"column":17},"end":{"line":55,"column":5}},"line":24},"3":{"name":"(anonymous_3)","decl":{"start":{"line":25,"column":51},"end":{"line":25,"column":52}},"loc":{"start":{"line":25,"column":64},"end":{"line":38,"column":9}},"line":25},"4":{"name":"(anonymous_4)","decl":{"start":{"line":63,"column":4},"end":{"line":63,"column":5}},"loc":{"start":{"line":63,"column":68},"end":{"line":75,"column":5}},"line":63},"5":{"name":"(anonymous_5)","decl":{"start":{"line":77,"column":4},"end":{"line":77,"column":5}},"loc":{"start":{"line":77,"column":16},"end":{"line":79,"column":5}},"line":77},"6":{"name":"(anonymous_6)","decl":{"start":{"line":81,"column":4},"end":{"line":81,"column":5}},"loc":{"start":{"line":81,"column":24},"end":{"line":83,"column":5}},"line":81},"7":{"name":"(anonymous_7)","decl":{"start":{"line":88,"column":4},"end":{"line":88,"column":5}},"loc":{"start":{"line":88,"column":20},"end":{"line":90,"column":5}},"line":88},"8":{"name":"(anonymous_8)","decl":{"start":{"line":89,"column":37},"end":{"line":89,"column":38}},"loc":{"start":{"line":89,"column":48},"end":{"line":89,"column":63}},"line":89},"9":{"name":"(anonymous_9)","decl":{"start":{"line":95,"column":4},"end":{"line":95,"column":5}},"loc":{"start":{"line":95,"column":17},"end":{"line":118,"column":5}},"line":95},"10":{"name":"(anonymous_10)","decl":{"start":{"line":96,"column":43},"end":{"line":96,"column":44}},"loc":{"start":{"line":96,"column":57},"end":{"line":96,"column":88}},"line":96},"11":{"name":"(anonymous_11)","decl":{"start":{"line":97,"column":49},"end":{"line":97,"column":50}},"loc":{"start":{"line":97,"column":63},"end":{"line":99,"column":9}},"line":97},"12":{"name":"(anonymous_12)","decl":{"start":{"line":98,"column":47},"end":{"line":98,"column":48}},"loc":{"start":{"line":98,"column":57},"end":{"line":98,"column":84}},"line":98},"13":{"name":"(anonymous_13)","decl":{"start":{"line":101,"column":51},"end":{"line":101,"column":52}},"loc":{"start":{"line":101,"column":69},"end":{"line":101,"column":104}},"line":101},"14":{"name":"(anonymous_14)","decl":{"start":{"line":102,"column":50},"end":{"line":102,"column":51}},"loc":{"start":{"line":102,"column":68},"end":{"line":104,"column":9}},"line":102},"15":{"name":"(anonymous_15)","decl":{"start":{"line":103,"column":48},"end":{"line":103,"column":49}},"loc":{"start":{"line":103,"column":58},"end":{"line":103,"column":85}},"line":103},"16":{"name":"(anonymous_16)","decl":{"start":{"line":114,"column":45},"end":{"line":114,"column":46}},"loc":{"start":{"line":114,"column":59},"end":{"line":114,"column":86}},"line":114},"17":{"name":"(anonymous_17)","decl":{"start":{"line":125,"column":4},"end":{"line":125,"column":5}},"loc":{"start":{"line":125,"column":35},"end":{"line":138,"column":5}},"line":125},"18":{"name":"(anonymous_18)","decl":{"start":{"line":140,"column":4},"end":{"line":140,"column":5}},"loc":{"start":{"line":140,"column":28},"end":{"line":142,"column":5}},"line":140},"19":{"name":"(anonymous_19)","decl":{"start":{"line":149,"column":4},"end":{"line":149,"column":5}},"loc":{"start":{"line":149,"column":39},"end":{"line":168,"column":5}},"line":149},"20":{"name":"(anonymous_20)","decl":{"start":{"line":170,"column":4},"end":{"line":170,"column":5}},"loc":{"start":{"line":170,"column":22},"end":{"line":172,"column":5}},"line":170},"21":{"name":"(anonymous_21)","decl":{"start":{"line":174,"column":4},"end":{"line":174,"column":5}},"loc":{"start":{"line":174,"column":29},"end":{"line":176,"column":5}},"line":174},"22":{"name":"(anonymous_22)","decl":{"start":{"line":178,"column":4},"end":{"line":178,"column":5}},"loc":{"start":{"line":178,"column":36},"end":{"line":180,"column":5}},"line":178},"23":{"name":"(anonymous_23)","decl":{"start":{"line":187,"column":4},"end":{"line":187,"column":5}},"loc":{"start":{"line":187,"column":39},"end":{"line":202,"column":5}},"line":187},"24":{"name":"(anonymous_24)","decl":{"start":{"line":204,"column":4},"end":{"line":204,"column":5}},"loc":{"start":{"line":204,"column":29},"end":{"line":206,"column":5}},"line":204},"25":{"name":"(anonymous_25)","decl":{"start":{"line":208,"column":4},"end":{"line":208,"column":5}},"loc":{"start":{"line":208,"column":16},"end":{"line":210,"column":5}},"line":208},"26":{"name":"(anonymous_26)","decl":{"start":{"line":217,"column":4},"end":{"line":217,"column":5}},"loc":{"start":{"line":217,"column":42},"end":{"line":225,"column":5}},"line":217},"27":{"name":"(anonymous_27)","decl":{"start":{"line":232,"column":4},"end":{"line":232,"column":5}},"loc":{"start":{"line":232,"column":28},"end":{"line":240,"column":5}},"line":232},"28":{"name":"(anonymous_28)","decl":{"start":{"line":247,"column":4},"end":{"line":247,"column":5}},"loc":{"start":{"line":247,"column":28},"end":{"line":253,"column":5}},"line":247},"29":{"name":"(anonymous_29)","decl":{"start":{"line":260,"column":4},"end":{"line":260,"column":5}},"loc":{"start":{"line":260,"column":44},"end":{"line":268,"column":5}},"line":260},"30":{"name":"(anonymous_30)","decl":{"start":{"line":275,"column":4},"end":{"line":275,"column":5}},"loc":{"start":{"line":275,"column":41},"end":{"line":282,"column":5}},"line":275}},"branchMap":{"0":{"loc":{"start":{"line":96,"column":64},"end":{"line":96,"column":87}},"type":"binary-expr","locations":[{"start":{"line":96,"column":64},"end":{"line":96,"column":82}},{"start":{"line":96,"column":86},"end":{"line":96,"column":87}}],"line":96},"1":{"loc":{"start":{"line":98,"column":62},"end":{"line":98,"column":83}},"type":"binary-expr","locations":[{"start":{"line":98,"column":62},"end":{"line":98,"column":78}},{"start":{"line":98,"column":82},"end":{"line":98,"column":83}}],"line":98},"2":{"loc":{"start":{"line":101,"column":76},"end":{"line":101,"column":103}},"type":"binary-expr","locations":[{"start":{"line":101,"column":76},"end":{"line":101,"column":98}},{"start":{"line":101,"column":102},"end":{"line":101,"column":103}}],"line":101},"3":{"loc":{"start":{"line":103,"column":63},"end":{"line":103,"column":84}},"type":"binary-expr","locations":[{"start":{"line":103,"column":63},"end":{"line":103,"column":79}},{"start":{"line":103,"column":83},"end":{"line":103,"column":84}}],"line":103}},"s":{"0":23,"1":23,"2":24,"3":2,"4":3,"5":3,"6":2,"7":28,"8":28,"9":28,"10":28,"11":28,"12":28,"13":28,"14":28,"15":28,"16":28,"17":28,"18":13,"19":14,"20":5,"21":6,"22":4,"23":4,"24":4,"25":4,"26":1,"27":4,"28":4,"29":4,"30":4,"31":2,"32":4,"33":4,"34":15,"35":15,"36":15,"37":15,"38":15,"39":15,"40":15,"41":15,"42":15,"43":15,"44":15,"45":15,"46":4,"47":16,"48":16,"49":16,"50":16,"51":16,"52":16,"53":16,"54":16,"55":16,"56":16,"57":16,"58":16,"59":16,"60":16,"61":16,"62":16,"63":16,"64":16,"65":8,"66":1,"67":1,"68":10,"69":10,"70":10,"71":10,"72":10,"73":10,"74":10,"75":10,"76":10,"77":10,"78":10,"79":10,"80":10,"81":10,"82":2,"83":2,"84":4,"85":4,"86":4,"87":4,"88":4,"89":4,"90":4,"91":1,"92":1,"93":1,"94":1,"95":1,"96":1,"97":1,"98":1,"99":1,"100":1,"101":1,"102":1,"103":1,"104":1,"105":1,"106":1,"107":1,"108":1,"109":1,"110":1,"111":1,"112":1,"113":1,"114":1,"115":1},"f":{"0":23,"1":24,"2":2,"3":3,"4":28,"5":13,"6":14,"7":5,"8":6,"9":4,"10":4,"11":4,"12":1,"13":4,"14":4,"15":2,"16":4,"17":15,"18":4,"19":16,"20":8,"21":1,"22":1,"23":10,"24":2,"25":2,"26":4,"27":1,"28":1,"29":1,"30":1},"b":{"0":[4,0],"1":[1,0],"2":[4,0],"3":[2,0]},"inputSourceMap":null,"_coverageSchema":"1a1c01bbd47fc00a2c39e90264f33305004495a9","hash":"5c8c900b0656565789e96d0c5b8c1799d8d3aafa"}
,"/Users/chris/dev-feepay/db-tool/src/models/database/Apportionment.js": {"path":"/Users/chris/dev-feepay/db-tool/src/models/database/Apportionment.js","statementMap":{"0":{"start":{"line":9,"column":8},"end":{"line":9,"column":23}},"1":{"start":{"line":10,"column":8},"end":{"line":10,"column":31}},"2":{"start":{"line":11,"column":8},"end":{"line":11,"column":27}},"3":{"start":{"line":12,"column":8},"end":{"line":12,"column":27}},"4":{"start":{"line":13,"column":8},"end":{"line":13,"column":36}},"5":{"start":{"line":14,"column":8},"end":{"line":14,"column":31}},"6":{"start":{"line":15,"column":8},"end":{"line":15,"column":35}},"7":{"start":{"line":16,"column":8},"end":{"line":16,"column":36}},"8":{"start":{"line":17,"column":8},"end":{"line":17,"column":33}},"9":{"start":{"line":18,"column":8},"end":{"line":18,"column":33}},"10":{"start":{"line":19,"column":8},"end":{"line":19,"column":35}},"11":{"start":{"line":20,"column":8},"end":{"line":20,"column":40}},"12":{"start":{"line":21,"column":8},"end":{"line":21,"column":37}},"13":{"start":{"line":24,"column":25},"end":{"line":34,"column":5}},"14":{"start":{"line":37,"column":23},"end":{"line":37,"column":45}},"15":{"start":{"line":39,"column":8},"end":{"line":42,"column":9}},"16":{"start":{"line":40,"column":27},"end":{"line":40,"column":73}},"17":{"start":{"line":41,"column":12},"end":{"line":41,"column":63}},"18":{"start":{"line":41,"column":34},"end":{"line":41,"column":61}},"19":{"start":{"line":44,"column":8},"end":{"line":44,"column":22}},"20":{"start":{"line":51,"column":23},"end":{"line":51,"column":45}},"21":{"start":{"line":53,"column":8},"end":{"line":62,"column":9}},"22":{"start":{"line":54,"column":36},"end":{"line":54,"column":65}},"23":{"start":{"line":55,"column":34},"end":{"line":55,"column":61}},"24":{"start":{"line":57,"column":12},"end":{"line":61,"column":13}},"25":{"start":{"line":58,"column":16},"end":{"line":60,"column":18}},"26":{"start":{"line":64,"column":8},"end":{"line":73,"column":9}},"27":{"start":{"line":65,"column":36},"end":{"line":65,"column":65}},"28":{"start":{"line":66,"column":30},"end":{"line":66,"column":64}},"29":{"start":{"line":68,"column":12},"end":{"line":72,"column":13}},"30":{"start":{"line":69,"column":16},"end":{"line":71,"column":18}},"31":{"start":{"line":75,"column":8},"end":{"line":75,"column":22}}},"fnMap":{"0":{"name":"(anonymous_0)","decl":{"start":{"line":8,"column":4},"end":{"line":8,"column":5}},"loc":{"start":{"line":8,"column":18},"end":{"line":22,"column":5}},"line":8},"1":{"name":"(anonymous_1)","decl":{"start":{"line":36,"column":4},"end":{"line":36,"column":5}},"loc":{"start":{"line":36,"column":15},"end":{"line":45,"column":5}},"line":36},"2":{"name":"(anonymous_2)","decl":{"start":{"line":41,"column":27},"end":{"line":41,"column":28}},"loc":{"start":{"line":41,"column":34},"end":{"line":41,"column":61}},"line":41},"3":{"name":"(anonymous_3)","decl":{"start":{"line":50,"column":4},"end":{"line":50,"column":5}},"loc":{"start":{"line":50,"column":33},"end":{"line":76,"column":5}},"line":50}},"branchMap":{"0":{"loc":{"start":{"line":53,"column":8},"end":{"line":62,"column":9}},"type":"if","locations":[{"start":{"line":53,"column":8},"end":{"line":62,"column":9}},{"start":{},"end":{}}],"line":53},"1":{"loc":{"start":{"line":53,"column":12},"end":{"line":53,"column":44}},"type":"binary-expr","locations":[{"start":{"line":53,"column":12},"end":{"line":53,"column":19}},{"start":{"line":53,"column":23},"end":{"line":53,"column":44}}],"line":53},"2":{"loc":{"start":{"line":55,"column":41},"end":{"line":55,"column":60}},"type":"binary-expr","locations":[{"start":{"line":55,"column":41},"end":{"line":55,"column":55}},{"start":{"line":55,"column":59},"end":{"line":55,"column":60}}],"line":55},"3":{"loc":{"start":{"line":57,"column":12},"end":{"line":61,"column":13}},"type":"if","locations":[{"start":{"line":57,"column":12},"end":{"line":61,"column":13}},{"start":{},"end":{}}],"line":57},"4":{"loc":{"start":{"line":64,"column":8},"end":{"line":73,"column":9}},"type":"if","locations":[{"start":{"line":64,"column":8},"end":{"line":73,"column":9}},{"start":{},"end":{}}],"line":64},"5":{"loc":{"start":{"line":64,"column":12},"end":{"line":64,"column":40}},"type":"binary-expr","locations":[{"start":{"line":64,"column":12},"end":{"line":64,"column":15}},{"start":{"line":64,"column":19},"end":{"line":64,"column":40}}],"line":64},"6":{"loc":{"start":{"line":66,"column":37},"end":{"line":66,"column":63}},"type":"binary-expr","locations":[{"start":{"line":66,"column":37},"end":{"line":66,"column":58}},{"start":{"line":66,"column":62},"end":{"line":66,"column":63}}],"line":66},"7":{"loc":{"start":{"line":68,"column":12},"end":{"line":72,"column":13}},"type":"if","locations":[{"start":{"line":68,"column":12},"end":{"line":72,"column":13}},{"start":{},"end":{}}],"line":68}},"s":{"0":11,"1":11,"2":11,"3":11,"4":11,"5":11,"6":11,"7":11,"8":11,"9":11,"10":11,"11":11,"12":11,"13":4,"14":1,"15":1,"16":9,"17":9,"18":0,"19":1,"20":2,"21":2,"22":2,"23":2,"24":2,"25":1,"26":2,"27":2,"28":2,"29":2,"30":1,"31":2},"f":{"0":11,"1":1,"2":0,"3":2},"b":{"0":[2,0],"1":[2,2],"2":[2,0],"3":[1,1],"4":[2,0],"5":[2,2],"6":[2,0],"7":[1,1]},"inputSourceMap":null,"_coverageSchema":"1a1c01bbd47fc00a2c39e90264f33305004495a9","hash":"c6c198d3b5a5888b21204b58270425793a5a2ebf"}
,"/Users/chris/dev-feepay/db-tool/src/models/database/Fee.js": {"path":"/Users/chris/dev-feepay/db-tool/src/models/database/Fee.js","statementMap":{"0":{"start":{"line":9,"column":8},"end":{"line":9,"column":23}},"1":{"start":{"line":10,"column":8},"end":{"line":10,"column":25}},"2":{"start":{"line":11,"column":8},"end":{"line":11,"column":28}},"3":{"start":{"line":12,"column":8},"end":{"line":12,"column":36}},"4":{"start":{"line":13,"column":8},"end":{"line":13,"column":38}},"5":{"start":{"line":14,"column":8},"end":{"line":14,"column":24}},"6":{"start":{"line":15,"column":8},"end":{"line":15,"column":36}},"7":{"start":{"line":16,"column":8},"end":{"line":16,"column":30}},"8":{"start":{"line":17,"column":8},"end":{"line":17,"column":31}},"9":{"start":{"line":18,"column":8},"end":{"line":18,"column":31}},"10":{"start":{"line":19,"column":8},"end":{"line":19,"column":31}},"11":{"start":{"line":20,"column":8},"end":{"line":20,"column":33}},"12":{"start":{"line":21,"column":8},"end":{"line":21,"column":33}},"13":{"start":{"line":24,"column":25},"end":{"line":37,"column":5}},"14":{"start":{"line":40,"column":23},"end":{"line":40,"column":45}},"15":{"start":{"line":42,"column":8},"end":{"line":45,"column":9}},"16":{"start":{"line":43,"column":27},"end":{"line":43,"column":73}},"17":{"start":{"line":44,"column":12},"end":{"line":44,"column":63}},"18":{"start":{"line":44,"column":34},"end":{"line":44,"column":61}},"19":{"start":{"line":48,"column":8},"end":{"line":58,"column":9}},"20":{"start":{"line":49,"column":29},"end":{"line":49,"column":74}},"21":{"start":{"line":50,"column":27},"end":{"line":50,"column":57}},"22":{"start":{"line":51,"column":31},"end":{"line":51,"column":58}},"23":{"start":{"line":53,"column":12},"end":{"line":57,"column":13}},"24":{"start":{"line":54,"column":16},"end":{"line":56,"column":18}},"25":{"start":{"line":60,"column":8},"end":{"line":60,"column":22}}},"fnMap":{"0":{"name":"(anonymous_0)","decl":{"start":{"line":8,"column":4},"end":{"line":8,"column":5}},"loc":{"start":{"line":8,"column":18},"end":{"line":22,"column":5}},"line":8},"1":{"name":"(anonymous_1)","decl":{"start":{"line":39,"column":4},"end":{"line":39,"column":5}},"loc":{"start":{"line":39,"column":15},"end":{"line":61,"column":5}},"line":39},"2":{"name":"(anonymous_2)","decl":{"start":{"line":44,"column":27},"end":{"line":44,"column":28}},"loc":{"start":{"line":44,"column":34},"end":{"line":44,"column":61}},"line":44}},"branchMap":{"0":{"loc":{"start":{"line":48,"column":8},"end":{"line":58,"column":9}},"type":"if","locations":[{"start":{"line":48,"column":8},"end":{"line":58,"column":9}},{"start":{},"end":{}}],"line":48},"1":{"loc":{"start":{"line":48,"column":12},"end":{"line":48,"column":68}},"type":"binary-expr","locations":[{"start":{"line":48,"column":12},"end":{"line":48,"column":34}},{"start":{"line":48,"column":38},"end":{"line":48,"column":53}},{"start":{"line":48,"column":57},"end":{"line":48,"column":68}}],"line":48},"2":{"loc":{"start":{"line":53,"column":12},"end":{"line":57,"column":13}},"type":"if","locations":[{"start":{"line":53,"column":12},"end":{"line":57,"column":13}},{"start":{},"end":{}}],"line":53}},"s":{"0":25,"1":25,"2":25,"3":25,"4":25,"5":25,"6":25,"7":25,"8":25,"9":25,"10":25,"11":25,"12":25,"13":4,"14":4,"15":4,"16":48,"17":48,"18":6,"19":4,"20":4,"21":4,"22":4,"23":4,"24":1,"25":4},"f":{"0":25,"1":4,"2":6},"b":{"0":[4,0],"1":[4,4,4],"2":[1,3]},"inputSourceMap":null,"_coverageSchema":"1a1c01bbd47fc00a2c39e90264f33305004495a9","hash":"5aa5a7e636bfec0f8724ec51a9a3ec08e497888f"}
,"/Users/chris/dev-feepay/db-tool/src/models/database/Payment.js": {"path":"/Users/chris/dev-feepay/db-tool/src/models/database/Payment.js","statementMap":{"0":{"start":{"line":9,"column":8},"end":{"line":9,"column":23}},"1":{"start":{"line":10,"column":8},"end":{"line":10,"column":27}},"2":{"start":{"line":11,"column":8},"end":{"line":11,"column":35}},"3":{"start":{"line":12,"column":8},"end":{"line":12,"column":36}},"4":{"start":{"line":13,"column":8},"end":{"line":13,"column":30}},"5":{"start":{"line":14,"column":8},"end":{"line":14,"column":33}},"6":{"start":{"line":15,"column":8},"end":{"line":15,"column":33}},"7":{"start":{"line":16,"column":8},"end":{"line":16,"column":32}},"8":{"start":{"line":17,"column":8},"end":{"line":17,"column":33}},"9":{"start":{"line":18,"column":8},"end":{"line":18,"column":28}},"10":{"start":{"line":19,"column":8},"end":{"line":19,"column":28}},"11":{"start":{"line":20,"column":8},"end":{"line":20,"column":36}},"12":{"start":{"line":21,"column":8},"end":{"line":21,"column":35}},"13":{"start":{"line":22,"column":8},"end":{"line":22,"column":37}},"14":{"start":{"line":23,"column":8},"end":{"line":23,"column":35}},"15":{"start":{"line":24,"column":8},"end":{"line":24,"column":36}},"16":{"start":{"line":25,"column":8},"end":{"line":25,"column":39}},"17":{"start":{"line":26,"column":8},"end":{"line":26,"column":39}},"18":{"start":{"line":27,"column":8},"end":{"line":27,"column":38}},"19":{"start":{"line":28,"column":8},"end":{"line":28,"column":31}},"20":{"start":{"line":29,"column":8},"end":{"line":29,"column":30}},"21":{"start":{"line":30,"column":8},"end":{"line":30,"column":33}},"22":{"start":{"line":31,"column":8},"end":{"line":31,"column":37}},"23":{"start":{"line":32,"column":8},"end":{"line":32,"column":42}},"24":{"start":{"line":33,"column":8},"end":{"line":33,"column":41}},"25":{"start":{"line":34,"column":8},"end":{"line":34,"column":44}},"26":{"start":{"line":35,"column":8},"end":{"line":35,"column":32}},"27":{"start":{"line":36,"column":8},"end":{"line":36,"column":31}},"28":{"start":{"line":37,"column":8},"end":{"line":37,"column":39}},"29":{"start":{"line":40,"column":25},"end":{"line":52,"column":5}},"30":{"start":{"line":55,"column":23},"end":{"line":55,"column":45}},"31":{"start":{"line":57,"column":8},"end":{"line":60,"column":9}},"32":{"start":{"line":58,"column":27},"end":{"line":58,"column":73}},"33":{"start":{"line":59,"column":12},"end":{"line":59,"column":63}},"34":{"start":{"line":59,"column":34},"end":{"line":59,"column":61}},"35":{"start":{"line":63,"column":8},"end":{"line":65,"column":9}},"36":{"start":{"line":64,"column":12},"end":{"line":64,"column":111}},"37":{"start":{"line":67,"column":8},"end":{"line":67,"column":22}}},"fnMap":{"0":{"name":"(anonymous_0)","decl":{"start":{"line":8,"column":4},"end":{"line":8,"column":5}},"loc":{"start":{"line":8,"column":18},"end":{"line":38,"column":5}},"line":8},"1":{"name":"(anonymous_1)","decl":{"start":{"line":54,"column":4},"end":{"line":54,"column":5}},"loc":{"start":{"line":54,"column":15},"end":{"line":68,"column":5}},"line":54},"2":{"name":"(anonymous_2)","decl":{"start":{"line":59,"column":27},"end":{"line":59,"column":28}},"loc":{"start":{"line":59,"column":34},"end":{"line":59,"column":61}},"line":59}},"branchMap":{"0":{"loc":{"start":{"line":63,"column":8},"end":{"line":65,"column":9}},"type":"if","locations":[{"start":{"line":63,"column":8},"end":{"line":65,"column":9}},{"start":{},"end":{}}],"line":63},"1":{"loc":{"start":{"line":63,"column":12},"end":{"line":63,"column":73}},"type":"binary-expr","locations":[{"start":{"line":63,"column":12},"end":{"line":63,"column":53}},{"start":{"line":63,"column":57},"end":{"line":63,"column":73}}],"line":63}},"s":{"0":17,"1":17,"2":17,"3":17,"4":17,"5":17,"6":17,"7":17,"8":17,"9":17,"10":17,"11":17,"12":17,"13":17,"14":17,"15":17,"16":17,"17":17,"18":17,"19":17,"20":17,"21":17,"22":17,"23":17,"24":17,"25":17,"26":17,"27":17,"28":17,"29":4,"30":3,"31":3,"32":33,"33":33,"34":0,"35":3,"36":1,"37":3},"f":{"0":17,"1":3,"2":0},"b":{"0":[1,2],"1":[3,1]},"inputSourceMap":null,"_coverageSchema":"1a1c01bbd47fc00a2c39e90264f33305004495a9","hash":"7a10e947db95fcc4edc84752d1ee6febb331392e"}
,"/Users/chris/dev-feepay/db-tool/src/models/database/PaymentFeeLink.js": {"path":"/Users/chris/dev-feepay/db-tool/src/models/database/PaymentFeeLink.js","statementMap":{"0":{"start":{"line":12,"column":8},"end":{"line":12,"column":23}},"1":{"start":{"line":13,"column":8},"end":{"line":13,"column":33}},"2":{"start":{"line":14,"column":8},"end":{"line":14,"column":33}},"3":{"start":{"line":15,"column":8},"end":{"line":15,"column":38}},"4":{"start":{"line":16,"column":8},"end":{"line":16,"column":27}},"5":{"start":{"line":17,"column":8},"end":{"line":17,"column":44}},"6":{"start":{"line":18,"column":8},"end":{"line":18,"column":36}},"7":{"start":{"line":19,"column":8},"end":{"line":19,"column":35}},"8":{"start":{"line":20,"column":8},"end":{"line":20,"column":49}},"9":{"start":{"line":21,"column":8},"end":{"line":21,"column":31}},"10":{"start":{"line":27,"column":25},"end":{"line":38,"column":5}},"11":{"start":{"line":44,"column":23},"end":{"line":44,"column":45}},"12":{"start":{"line":46,"column":8},"end":{"line":49,"column":9}},"13":{"start":{"line":47,"column":27},"end":{"line":47,"column":73}},"14":{"start":{"line":48,"column":12},"end":{"line":48,"column":63}},"15":{"start":{"line":48,"column":34},"end":{"line":48,"column":61}},"16":{"start":{"line":51,"column":8},"end":{"line":51,"column":22}},"17":{"start":{"line":59,"column":23},"end":{"line":59,"column":45}},"18":{"start":{"line":61,"column":26},"end":{"line":61,"column":85}},"19":{"start":{"line":61,"column":50},"end":{"line":61,"column":81}},"20":{"start":{"line":62,"column":30},"end":{"line":62,"column":89}},"21":{"start":{"line":62,"column":58},"end":{"line":62,"column":85}},"22":{"start":{"line":63,"column":32},"end":{"line":63,"column":97}},"23":{"start":{"line":63,"column":62},"end":{"line":63,"column":93}},"24":{"start":{"line":65,"column":36},"end":{"line":65,"column":79}},"25":{"start":{"line":66,"column":33},"end":{"line":66,"column":61}},"26":{"start":{"line":68,"column":27},"end":{"line":68,"column":75}},"27":{"start":{"line":69,"column":8},"end":{"line":74,"column":9}},"28":{"start":{"line":70,"column":12},"end":{"line":73,"column":14}},"29":{"start":{"line":76,"column":8},"end":{"line":76,"column":22}}},"fnMap":{"0":{"name":"(anonymous_0)","decl":{"start":{"line":11,"column":4},"end":{"line":11,"column":5}},"loc":{"start":{"line":11,"column":18},"end":{"line":22,"column":5}},"line":11},"1":{"name":"(anonymous_1)","decl":{"start":{"line":43,"column":4},"end":{"line":43,"column":5}},"loc":{"start":{"line":43,"column":15},"end":{"line":52,"column":5}},"line":43},"2":{"name":"(anonymous_2)","decl":{"start":{"line":48,"column":27},"end":{"line":48,"column":28}},"loc":{"start":{"line":48,"column":34},"end":{"line":48,"column":61}},"line":48},"3":{"name":"(anonymous_3)","decl":{"start":{"line":58,"column":4},"end":{"line":58,"column":5}},"loc":{"start":{"line":58,"column":50},"end":{"line":77,"column":5}},"line":58},"4":{"name":"(anonymous_4)","decl":{"start":{"line":61,"column":38},"end":{"line":61,"column":39}},"loc":{"start":{"line":61,"column":50},"end":{"line":61,"column":81}},"line":61},"5":{"name":"(anonymous_5)","decl":{"start":{"line":62,"column":46},"end":{"line":62,"column":47}},"loc":{"start":{"line":62,"column":58},"end":{"line":62,"column":85}},"line":62},"6":{"name":"(anonymous_6)","decl":{"start":{"line":63,"column":50},"end":{"line":63,"column":51}},"loc":{"start":{"line":63,"column":62},"end":{"line":63,"column":93}},"line":63}},"branchMap":{"0":{"loc":{"start":{"line":61,"column":63},"end":{"line":61,"column":80}},"type":"binary-expr","locations":[{"start":{"line":61,"column":63},"end":{"line":61,"column":75}},{"start":{"line":61,"column":79},"end":{"line":61,"column":80}}],"line":61},"1":{"loc":{"start":{"line":62,"column":71},"end":{"line":62,"column":84}},"type":"binary-expr","locations":[{"start":{"line":62,"column":71},"end":{"line":62,"column":79}},{"start":{"line":62,"column":83},"end":{"line":62,"column":84}}],"line":62},"2":{"loc":{"start":{"line":63,"column":75},"end":{"line":63,"column":92}},"type":"binary-expr","locations":[{"start":{"line":63,"column":75},"end":{"line":63,"column":87}},{"start":{"line":63,"column":91},"end":{"line":63,"column":92}}],"line":63},"3":{"loc":{"start":{"line":66,"column":40},"end":{"line":66,"column":60}},"type":"binary-expr","locations":[{"start":{"line":66,"column":40},"end":{"line":66,"column":55}},{"start":{"line":66,"column":59},"end":{"line":66,"column":60}}],"line":66},"4":{"loc":{"start":{"line":69,"column":8},"end":{"line":74,"column":9}},"type":"if","locations":[{"start":{"line":69,"column":8},"end":{"line":74,"column":9}},{"start":{},"end":{}}],"line":69}},"s":{"0":31,"1":31,"2":31,"3":31,"4":31,"5":31,"6":31,"7":31,"8":31,"9":31,"10":4,"11":4,"12":4,"13":40,"14":40,"15":6,"16":4,"17":2,"18":2,"19":3,"20":2,"21":2,"22":2,"23":1,"24":2,"25":2,"26":2,"27":2,"28":1,"29":2},"f":{"0":31,"1":4,"2":6,"3":2,"4":3,"5":2,"6":1},"b":{"0":[3,0],"1":[2,0],"2":[1,0],"3":[2,0],"4":[1,1]},"inputSourceMap":null,"_coverageSchema":"1a1c01bbd47fc00a2c39e90264f33305004495a9","hash":"f485528a1441bc7683a4925efa829a1748803364"}
,"/Users/chris/dev-feepay/db-tool/src/models/database/Refund.js": {"path":"/Users/chris/dev-feepay/db-tool/src/models/database/Refund.js","statementMap":{"0":{"start":{"line":9,"column":8},"end":{"line":9,"column":23}},"1":{"start":{"line":10,"column":8},"end":{"line":10,"column":33}},"2":{"start":{"line":11,"column":8},"end":{"line":11,"column":33}},"3":{"start":{"line":12,"column":8},"end":{"line":12,"column":27}},"4":{"start":{"line":13,"column":8},"end":{"line":13,"column":27}},"5":{"start":{"line":14,"column":8},"end":{"line":14,"column":34}},"6":{"start":{"line":15,"column":8},"end":{"line":15,"column":30}},"7":{"start":{"line":16,"column":8},"end":{"line":16,"column":38}},"8":{"start":{"line":17,"column":8},"end":{"line":17,"column":31}},"9":{"start":{"line":18,"column":8},"end":{"line":18,"column":31}},"10":{"start":{"line":19,"column":8},"end":{"line":19,"column":36}},"11":{"start":{"line":20,"column":8},"end":{"line":20,"column":28}},"12":{"start":{"line":21,"column":8},"end":{"line":21,"column":43}},"13":{"start":{"line":22,"column":8},"end":{"line":22,"column":36}},"14":{"start":{"line":23,"column":8},"end":{"line":23,"column":33}},"15":{"start":{"line":24,"column":8},"end":{"line":24,"column":44}},"16":{"start":{"line":27,"column":25},"end":{"line":36,"column":5}},"17":{"start":{"line":39,"column":23},"end":{"line":39,"column":45}},"18":{"start":{"line":41,"column":8},"end":{"line":44,"column":9}},"19":{"start":{"line":42,"column":27},"end":{"line":42,"column":73}},"20":{"start":{"line":43,"column":12},"end":{"line":43,"column":63}},"21":{"start":{"line":43,"column":34},"end":{"line":43,"column":61}},"22":{"start":{"line":49,"column":8},"end":{"line":49,"column":22}},"23":{"start":{"line":56,"column":23},"end":{"line":56,"column":45}},"24":{"start":{"line":58,"column":8},"end":{"line":67,"column":9}},"25":{"start":{"line":59,"column":33},"end":{"line":59,"column":52}},"26":{"start":{"line":60,"column":34},"end":{"line":60,"column":61}},"27":{"start":{"line":62,"column":12},"end":{"line":66,"column":13}},"28":{"start":{"line":63,"column":16},"end":{"line":65,"column":18}},"29":{"start":{"line":69,"column":8},"end":{"line":69,"column":22}}},"fnMap":{"0":{"name":"(anonymous_0)","decl":{"start":{"line":8,"column":4},"end":{"line":8,"column":5}},"loc":{"start":{"line":8,"column":18},"end":{"line":25,"column":5}},"line":8},"1":{"name":"(anonymous_1)","decl":{"start":{"line":38,"column":4},"end":{"line":38,"column":5}},"loc":{"start":{"line":38,"column":15},"end":{"line":50,"column":5}},"line":38},"2":{"name":"(anonymous_2)","decl":{"start":{"line":43,"column":27},"end":{"line":43,"column":28}},"loc":{"start":{"line":43,"column":34},"end":{"line":43,"column":61}},"line":43},"3":{"name":"(anonymous_3)","decl":{"start":{"line":55,"column":4},"end":{"line":55,"column":5}},"loc":{"start":{"line":55,"column":28},"end":{"line":70,"column":5}},"line":55}},"branchMap":{"0":{"loc":{"start":{"line":58,"column":8},"end":{"line":67,"column":9}},"type":"if","locations":[{"start":{"line":58,"column":8},"end":{"line":67,"column":9}},{"start":{},"end":{}}],"line":58},"1":{"loc":{"start":{"line":58,"column":12},"end":{"line":58,"column":34}},"type":"binary-expr","locations":[{"start":{"line":58,"column":12},"end":{"line":58,"column":19}},{"start":{"line":58,"column":23},"end":{"line":58,"column":34}}],"line":58},"2":{"loc":{"start":{"line":60,"column":41},"end":{"line":60,"column":60}},"type":"binary-expr","locations":[{"start":{"line":60,"column":41},"end":{"line":60,"column":55}},{"start":{"line":60,"column":59},"end":{"line":60,"column":60}}],"line":60},"3":{"loc":{"start":{"line":62,"column":12},"end":{"line":66,"column":13}},"type":"if","locations":[{"start":{"line":62,"column":12},"end":{"line":66,"column":13}},{"start":{},"end":{}}],"line":62}},"s":{"0":8,"1":8,"2":8,"3":8,"4":8,"5":8,"6":8,"7":8,"8":8,"9":8,"10":8,"11":8,"12":8,"13":8,"14":8,"15":8,"16":4,"17":1,"18":1,"19":8,"20":8,"21":0,"22":1,"23":2,"24":2,"25":2,"26":2,"27":2,"28":1,"29":2},"f":{"0":8,"1":1,"2":0,"3":2},"b":{"0":[2,0],"1":[2,2],"2":[2,0],"3":[1,1]},"inputSourceMap":null,"_coverageSchema":"1a1c01bbd47fc00a2c39e90264f33305004495a9","hash":"124d8f5dff421e2a4ce0eec5b9952d336640c603"}
,"/Users/chris/dev-feepay/db-tool/src/models/database/Remission.js": {"path":"/Users/chris/dev-feepay/db-tool/src/models/database/Remission.js","statementMap":{"0":{"start":{"line":9,"column":8},"end":{"line":9,"column":23}},"1":{"start":{"line":10,"column":8},"end":{"line":10,"column":27}},"2":{"start":{"line":11,"column":8},"end":{"line":11,"column":34}},"3":{"start":{"line":12,"column":8},"end":{"line":12,"column":31}},"4":{"start":{"line":13,"column":8},"end":{"line":13,"column":37}},"5":{"start":{"line":14,"column":8},"end":{"line":14,"column":36}},"6":{"start":{"line":15,"column":8},"end":{"line":15,"column":33}},"7":{"start":{"line":16,"column":8},"end":{"line":16,"column":33}},"8":{"start":{"line":17,"column":8},"end":{"line":17,"column":40}},"9":{"start":{"line":20,"column":25},"end":{"line":28,"column":5}},"10":{"start":{"line":31,"column":23},"end":{"line":31,"column":45}},"11":{"start":{"line":33,"column":8},"end":{"line":36,"column":9}},"12":{"start":{"line":34,"column":27},"end":{"line":34,"column":73}},"13":{"start":{"line":35,"column":12},"end":{"line":35,"column":63}},"14":{"start":{"line":35,"column":34},"end":{"line":35,"column":61}},"15":{"start":{"line":38,"column":8},"end":{"line":38,"column":22}},"16":{"start":{"line":45,"column":23},"end":{"line":45,"column":45}},"17":{"start":{"line":47,"column":8},"end":{"line":56,"column":9}},"18":{"start":{"line":48,"column":36},"end":{"line":48,"column":59}},"19":{"start":{"line":49,"column":30},"end":{"line":49,"column":64}},"20":{"start":{"line":51,"column":12},"end":{"line":55,"column":13}},"21":{"start":{"line":52,"column":16},"end":{"line":54,"column":18}},"22":{"start":{"line":58,"column":8},"end":{"line":58,"column":22}}},"fnMap":{"0":{"name":"(anonymous_0)","decl":{"start":{"line":8,"column":4},"end":{"line":8,"column":5}},"loc":{"start":{"line":8,"column":18},"end":{"line":18,"column":5}},"line":8},"1":{"name":"(anonymous_1)","decl":{"start":{"line":30,"column":4},"end":{"line":30,"column":5}},"loc":{"start":{"line":30,"column":15},"end":{"line":39,"column":5}},"line":30},"2":{"name":"(anonymous_2)","decl":{"start":{"line":35,"column":27},"end":{"line":35,"column":28}},"loc":{"start":{"line":35,"column":34},"end":{"line":35,"column":61}},"line":35},"3":{"name":"(anonymous_3)","decl":{"start":{"line":44,"column":4},"end":{"line":44,"column":5}},"loc":{"start":{"line":44,"column":24},"end":{"line":59,"column":5}},"line":44}},"branchMap":{"0":{"loc":{"start":{"line":47,"column":8},"end":{"line":56,"column":9}},"type":"if","locations":[{"start":{"line":47,"column":8},"end":{"line":56,"column":9}},{"start":{},"end":{}}],"line":47},"1":{"loc":{"start":{"line":47,"column":12},"end":{"line":47,"column":34}},"type":"binary-expr","locations":[{"start":{"line":47,"column":12},"end":{"line":47,"column":15}},{"start":{"line":47,"column":19},"end":{"line":47,"column":34}}],"line":47},"2":{"loc":{"start":{"line":49,"column":37},"end":{"line":49,"column":63}},"type":"binary-expr","locations":[{"start":{"line":49,"column":37},"end":{"line":49,"column":58}},{"start":{"line":49,"column":62},"end":{"line":49,"column":63}}],"line":49},"3":{"loc":{"start":{"line":51,"column":12},"end":{"line":55,"column":13}},"type":"if","locations":[{"start":{"line":51,"column":12},"end":{"line":55,"column":13}},{"start":{},"end":{}}],"line":51}},"s":{"0":9,"1":9,"2":9,"3":9,"4":9,"5":9,"6":9,"7":9,"8":9,"9":4,"10":1,"11":1,"12":7,"13":7,"14":0,"15":1,"16":2,"17":2,"18":2,"19":2,"20":2,"21":1,"22":2},"f":{"0":9,"1":1,"2":0,"3":2},"b":{"0":[2,0],"1":[2,2],"2":[2,0],"3":[1,1]},"inputSourceMap":null,"_coverageSchema":"1a1c01bbd47fc00a2c39e90264f33305004495a9","hash":"1935267f68a2b2aceb27eb99a4d08cdc35ca9436"}
,"/Users/chris/dev-feepay/db-tool/src/models/database/validators.js": {"path":"/Users/chris/dev-feepay/db-tool/src/models/database/validators.js","statementMap":{"0":{"start":{"line":5,"column":29},"end":{"line":11,"column":1}},"1":{"start":{"line":13,"column":28},"end":{"line":20,"column":1}},"2":{"start":{"line":22,"column":29},"end":{"line":28,"column":1}},"3":{"start":{"line":30,"column":30},"end":{"line":34,"column":1}},"4":{"start":{"line":41,"column":8},"end":{"line":41,"column":25}},"5":{"start":{"line":42,"column":8},"end":{"line":42,"column":27}},"6":{"start":{"line":46,"column":8},"end":{"line":46,"column":45}},"7":{"start":{"line":50,"column":8},"end":{"line":50,"column":47}},"8":{"start":{"line":54,"column":8},"end":{"line":54,"column":40}},"9":{"start":{"line":58,"column":8},"end":{"line":58,"column":40}},"10":{"start":{"line":67,"column":8},"end":{"line":67,"column":30}},"11":{"start":{"line":68,"column":8},"end":{"line":68,"column":29}},"12":{"start":{"line":69,"column":8},"end":{"line":69,"column":34}},"13":{"start":{"line":70,"column":8},"end":{"line":70,"column":30}},"14":{"start":{"line":71,"column":8},"end":{"line":71,"column":35}},"15":{"start":{"line":72,"column":8},"end":{"line":72,"column":28}},"16":{"start":{"line":73,"column":8},"end":{"line":73,"column":29}},"17":{"start":{"line":74,"column":8},"end":{"line":74,"column":29}},"18":{"start":{"line":78,"column":18},"end":{"line":78,"column":40}},"19":{"start":{"line":79,"column":8},"end":{"line":79,"column":26}},"20":{"start":{"line":80,"column":8},"end":{"line":80,"column":27}},"21":{"start":{"line":81,"column":8},"end":{"line":81,"column":17}},"22":{"start":{"line":85,"column":18},"end":{"line":85,"column":40}},"23":{"start":{"line":86,"column":8},"end":{"line":86,"column":26}},"24":{"start":{"line":87,"column":8},"end":{"line":87,"column":17}},"25":{"start":{"line":92,"column":8},"end":{"line":92,"column":36}},"26":{"start":{"line":93,"column":8},"end":{"line":93,"column":20}},"27":{"start":{"line":97,"column":8},"end":{"line":97,"column":26}},"28":{"start":{"line":98,"column":8},"end":{"line":98,"column":20}},"29":{"start":{"line":102,"column":8},"end":{"line":102,"column":37}},"30":{"start":{"line":103,"column":8},"end":{"line":103,"column":20}},"31":{"start":{"line":111,"column":19},"end":{"line":111,"column":21}},"32":{"start":{"line":113,"column":4},"end":{"line":116,"column":5}},"33":{"start":{"line":114,"column":8},"end":{"line":114,"column":48}},"34":{"start":{"line":115,"column":8},"end":{"line":115,"column":22}},"35":{"start":{"line":118,"column":4},"end":{"line":120,"column":5}},"36":{"start":{"line":119,"column":8},"end":{"line":119,"column":51}},"37":{"start":{"line":122,"column":4},"end":{"line":146,"column":5}},"38":{"start":{"line":123,"column":8},"end":{"line":125,"column":9}},"39":{"start":{"line":124,"column":12},"end":{"line":124,"column":96}},"40":{"start":{"line":127,"column":8},"end":{"line":129,"column":9}},"41":{"start":{"line":128,"column":12},"end":{"line":128,"column":93}},"42":{"start":{"line":131,"column":8},"end":{"line":133,"column":9}},"43":{"start":{"line":132,"column":12},"end":{"line":132,"column":97}},"44":{"start":{"line":135,"column":8},"end":{"line":137,"column":9}},"45":{"start":{"line":136,"column":12},"end":{"line":136,"column":72}},"46":{"start":{"line":139,"column":8},"end":{"line":141,"column":9}},"47":{"start":{"line":140,"column":12},"end":{"line":140,"column":81}},"48":{"start":{"line":143,"column":8},"end":{"line":145,"column":9}},"49":{"start":{"line":144,"column":12},"end":{"line":144,"column":80}},"50":{"start":{"line":148,"column":4},"end":{"line":148,"column":18}}},"fnMap":{"0":{"name":"(anonymous_0)","decl":{"start":{"line":40,"column":4},"end":{"line":40,"column":5}},"loc":{"start":{"line":40,"column":18},"end":{"line":43,"column":5}},"line":40},"1":{"name":"(anonymous_1)","decl":{"start":{"line":45,"column":4},"end":{"line":45,"column":5}},"loc":{"start":{"line":45,"column":29},"end":{"line":47,"column":5}},"line":45},"2":{"name":"(anonymous_2)","decl":{"start":{"line":49,"column":4},"end":{"line":49,"column":5}},"loc":{"start":{"line":49,"column":31},"end":{"line":51,"column":5}},"line":49},"3":{"name":"(anonymous_3)","decl":{"start":{"line":53,"column":4},"end":{"line":53,"column":5}},"loc":{"start":{"line":53,"column":14},"end":{"line":55,"column":5}},"line":53},"4":{"name":"(anonymous_4)","decl":{"start":{"line":57,"column":4},"end":{"line":57,"column":5}},"loc":{"start":{"line":57,"column":18},"end":{"line":59,"column":5}},"line":57},"5":{"name":"(anonymous_5)","decl":{"start":{"line":66,"column":4},"end":{"line":66,"column":5}},"loc":{"start":{"line":66,"column":18},"end":{"line":75,"column":5}},"line":66},"6":{"name":"(anonymous_6)","decl":{"start":{"line":77,"column":4},"end":{"line":77,"column":5}},"loc":{"start":{"line":77,"column":21},"end":{"line":82,"column":5}},"line":77},"7":{"name":"(anonymous_7)","decl":{"start":{"line":84,"column":4},"end":{"line":84,"column":5}},"loc":{"start":{"line":84,"column":22},"end":{"line":88,"column":5}},"line":84},"8":{"name":"(anonymous_8)","decl":{"start":{"line":91,"column":4},"end":{"line":91,"column":5}},"loc":{"start":{"line":91,"column":17},"end":{"line":94,"column":5}},"line":91},"9":{"name":"(anonymous_9)","decl":{"start":{"line":96,"column":4},"end":{"line":96,"column":5}},"loc":{"start":{"line":96,"column":21},"end":{"line":99,"column":5}},"line":96},"10":{"name":"(anonymous_10)","decl":{"start":{"line":101,"column":4},"end":{"line":101,"column":5}},"loc":{"start":{"line":101,"column":22},"end":{"line":104,"column":5}},"line":101},"11":{"name":"validateField","decl":{"start":{"line":110,"column":16},"end":{"line":110,"column":29}},"loc":{"start":{"line":110,"column":61},"end":{"line":149,"column":1}},"line":110}},"branchMap":{"0":{"loc":{"start":{"line":113,"column":4},"end":{"line":116,"column":5}},"type":"if","locations":[{"start":{"line":113,"column":4},"end":{"line":116,"column":5}},{"start":{},"end":{}}],"line":113},"1":{"loc":{"start":{"line":113,"column":8},"end":{"line":113,"column":71}},"type":"binary-expr","locations":[{"start":{"line":113,"column":8},"end":{"line":113,"column":28}},{"start":{"line":113,"column":33},"end":{"line":113,"column":47}},{"start":{"line":113,"column":51},"end":{"line":113,"column":70}}],"line":113},"2":{"loc":{"start":{"line":118,"column":4},"end":{"line":120,"column":5}},"type":"if","locations":[{"start":{"line":118,"column":4},"end":{"line":120,"column":5}},{"start":{},"end":{}}],"line":118},"3":{"loc":{"start":{"line":118,"column":8},"end":{"line":118,"column":47}},"type":"binary-expr","locations":[{"start":{"line":118,"column":8},"end":{"line":118,"column":29}},{"start":{"line":118,"column":33},"end":{"line":118,"column":47}}],"line":118},"4":{"loc":{"start":{"line":122,"column":4},"end":{"line":146,"column":5}},"type":"if","locations":[{"start":{"line":122,"column":4},"end":{"line":146,"column":5}},{"start":{},"end":{}}],"line":122},"5":{"loc":{"start":{"line":122,"column":8},"end":{"line":122,"column":45}},"type":"binary-expr","locations":[{"start":{"line":122,"column":8},"end":{"line":122,"column":22}},{"start":{"line":122,"column":26},"end":{"line":122,"column":45}}],"line":122},"6":{"loc":{
[...]
:4},"end":{"line":154,"column":7}},"81":{"start":{"line":143,"column":24},"end":{"line":143,"column":60}},"82":{"start":{"line":144,"column":8},"end":{"line":144,"column":29}},"83":{"start":{"line":144,"column":22},"end":{"line":144,"column":29}},"84":{"start":{"line":146,"column":23},"end":{"line":146,"column":79}},"85":{"start":{"line":147,"column":8},"end":{"line":147,"column":58}},"86":{"start":{"line":148,"column":8},"end":{"line":148,"column":48}},"87":{"start":{"line":149,"column":8},"end":{"line":149,"column":43}},"88":{"start":{"line":150,"column":8},"end":{"line":150,"column":52}},"89":{"start":{"line":151,"column":8},"end":{"line":151,"column":52}},"90":{"start":{"line":153,"column":8},"end":{"line":153,"column":41}},"91":{"start":{"line":157,"column":4},"end":{"line":172,"column":7}},"92":{"start":{"line":158,"column":24},"end":{"line":158,"column":63}},"93":{"start":{"line":159,"column":8},"end":{"line":159,"column":29}},"94":{"start":{"line":159,"column":22},"end":{"line":159,"column":29}},"95":{"start":{"line":161,"column":30},"end":{"line":165,"column":9}},"96":{"start":{"line":166,"column":8},"end":{"line":166,"column":66}},"97":{"start":{"line":167,"column":8},"end":{"line":167,"column":75}},"98":{"start":{"line":168,"column":8},"end":{"line":168,"column":62}},"99":{"start":{"line":169,"column":8},"end":{"line":169,"column":62}},"100":{"start":{"line":171,"column":8},"end":{"line":171,"column":48}},"101":{"start":{"line":175,"column":22},"end":{"line":175,"column":31}},"102":{"start":{"line":176,"column":4},"end":{"line":207,"column":7}},"103":{"start":{"line":177,"column":26},"end":{"line":177,"column":51}},"104":{"start":{"line":178,"column":25},"end":{"line":178,"column":47}},"105":{"start":{"line":179,"column":8},"end":{"line":179,"column":30}},"106":{"start":{"line":179,"column":23},"end":{"line":179,"column":30}},"107":{"start":{"line":182,"column":28},"end":{"line":182,"column":32}},"108":{"start":{"line":183,"column":8},"end":{"line":186,"column":9}},"109":{"start":{"line":184,"column":12},"end":{"line":184,"column":95}},"110":{"start":{"line":184,"column":50},"end":{"line":184,"column":93}},"111":{"start":{"line":185,"column":12},"end":{"line":185,"column":37}},"112":{"start":{"line":185,"column":31},"end":{"line":185,"column":37}},"113":{"start":{"line":188,"column":8},"end":{"line":188,"column":35}},"114":{"start":{"line":188,"column":28},"end":{"line":188,"column":35}},"115":{"start":{"line":190,"column":23},"end":{"line":194,"column":9}},"116":{"start":{"line":195,"column":8},"end":{"line":195,"column":41}},"117":{"start":{"line":196,"column":8},"end":{"line":196,"column":45}},"118":{"start":{"line":197,"column":8},"end":{"line":197,"column":48}},"119":{"start":{"line":198,"column":8},"end":{"line":198,"column":73}},"120":{"start":{"line":199,"column":8},"end":{"line":199,"column":62}},"121":{"start":{"line":200,"column":8},"end":{"line":200,"column":52}},"122":{"start":{"line":201,"column":8},"end":{"line":201,"column":52}},"123":{"start":{"line":202,"column":8},"end":{"line":202,"column":48}},"124":{"start":{"line":203,"column":8},"end":{"line":203,"column":48}},"125":{"start":{"line":205,"column":8},"end":{"line":205,"column":40}},"126":{"start":{"line":206,"column":8},"end":{"line":206,"column":44}},"127":{"start":{"line":210,"column":4},"end":{"line":220,"column":7}},"128":{"start":{"line":211,"column":23},"end":{"line":211,"column":58}},"129":{"start":{"line":212,"column":8},"end":{"line":212,"column":28}},"130":{"start":{"line":212,"column":21},"end":{"line":212,"column":28}},"131":{"start":{"line":214,"column":23},"end":{"line":214,"column":78}},"132":{"start":{"line":215,"column":8},"end":{"line":215,"column":39}},"133":{"start":{"line":216,"column":8},"end":{"line":216,"column":52}},"134":{"start":{"line":217,"column":8},"end":{"line":217,"column":48}},"135":{"start":{"line":219,"column":8},"end":{"line":219,"column":40}},"136":{"start":{"line":223,"column":4},"end":{"line":237,"column":7}},"137":{"start":{"line":224,"column":23},"end":{"line":224,"column":55}},"138":{"start":{"line":225,"column":8},"end":{"line":225,"column":28}},"139":{"start":{"line":225,"column":21},"end":{"line":225,"column":28}},"140":{"start":{"line":227,"column":26},"end":{"line":231,"column":9}},"141":{"start":{"line":232,"column":8},"end":{"line":232,"column":37}},"142":{"start":{"line":233,"column":8},"end":{"line":233,"column":43}},"143":{"start":{"line":234,"column":8},"end":{"line":234,"column":41}},"144":{"start":{"line":236,"column":8},"end":{"line":236,"column":33}},"145":{"start":{"line":240,"column":18},"end":{"line":240,"column":63}},"146":{"start":{"line":240,"column":56},"end":{"line":240,"column":62}},"147":{"start":{"line":241,"column":4},"end":{"line":241,"column":49}}},"fnMap":{"0":{"name":"transformToCase","decl":{"start":{"line":20,"column":16},"end":{"line":20,"column":31}},"loc":{"start":{"line":20,"column":57},"end":{"line":242,"column":1}},"line":20},"1":{"name":"(anonymous_1)","decl":{"start":{"line":25,"column":42},"end":{"line":25,"column":43}},"loc":{"start":{"line":25,"column":53},"end":{"line":52,"column":5}},"line":25},"2":{"name":"(anonymous_2)","decl":{"start":{"line":55,"column":29},"end":{"line":55,"column":30}},"loc":{"start":{"line":55,"column":39},"end":{"line":74,"column":5}},"line":55},"3":{"name":"(anonymous_3)","decl":{"start":{"line":78,"column":29},"end":{"line":78,"column":30}},"loc":{"start":{"line":78,"column":39},"end":{"line":80,"column":5}},"line":78},"4":{"name":"(anonymous_4)","decl":{"start":{"line":82,"column":35},"end":{"line":82,"column":36}},"loc":{"start":{"line":82,"column":51},"end":{"line":107,"column":5}},"line":82},"5":{"name":"(anonymous_5)","decl":{"start":{"line":93,"column":33},"end":{"line":93,"column":34}},"loc":{"start":{"line":93,"column":38},"end":{"line":93,"column":66}},"line":93},"6":{"name":"(anonymous_6)","decl":{"start":{"line":111,"column":33},"end":{"line":111,"column":34}},"loc":{"start":{"line":111,"column":47},"end":{"line":139,"column":5}},"line":111},"7":{"name":"(anonymous_7)","decl":{"start":{"line":142,"column":47},"end":{"line":142,"column":48}},"loc":{"start":{"line":142,"column":60},"end":{"line":154,"column":5}},"line":142},"8":{"name":"(anonymous_8)","decl":{"start":{"line":157,"column":39},"end":{"line":157,"column":40}},"loc":{"start":{"line":157,"column":55},"end":{"line":172,"column":5}},"line":157},"9":{"name":"(anonymous_9)","decl":{"start":{"line":176,"column":31},"end":{"line":176,"column":32}},"loc":{"start":{"line":176,"column":44},"end":{"line":207,"column":5}},"line":176},"10":{"name":"(anonymous_10)","decl":{"start":{"line":184,"column":45},"end":{"line":184,"column":46}},"loc":{"start":{"line":184,"column":50},"end":{"line":184,"column":93}},"line":184},"11":{"name":"(anonymous_11)","decl":{"start":{"line":210,"column":45},"end":{"line":210,"column":46}},"loc":{"start":{"line":210,"column":58},"end":{"line":220,"column":5}},"line":210},"12":{"name":"(anonymous_12)","decl":{"start":{"line":223,"column":35},"end":{"line":223,"column":36}},"loc":{"start":{"line":223,"column":45},"end":{"line":237,"column":5}},"line":223},"13":{"name":"(anonymous_13)","decl":{"start":{"line":240,"column":51},"end":{"line":240,"column":52}},"loc":{"start":{"line":240,"column":56},"end":{"line":240,"column":62}},"line":240}},"branchMap":{"0":{"loc":{"start":{"line":28,"column":8},"end":{"line":33,"column":9}},"type":"if","locations":[{"start":{"line":28,"column":8},"end":{"line":33,"column":9}},{"start":{},"end":{}}],"line":28},"1":{"loc":{"start":{"line":58,"column":8},"end":{"line":58,"column":30}},"type":"if","locations":[{"start":{"line":58,"column":8},"end":{"line":58,"column":30}},{"start":{},"end":{}}],"line":58},"2":{"loc":{"start":{"line":61,"column":8},"end":{"line":61,"column":24}},"type":"if","locations":[{"start":{"line":61,"column":8},"end":{"line":61,"column":24}},{"start":{},"end":{}}],"line":61},"3":{"loc":{"start":{"line":84,"column":8},"end":{"line":84,"column":28}},"type":"if","locations":[{"start":{"line":84,"column":8},"end":{"line":84,"column":28}},{"start":{},"end":{}}],"line":84},"4":{"loc":{"start":{"line":88,"column":8},"end":{"line":88,"column":30}},"type":"if","locations":[{"start":{"line":88,"column":8},"end":{"line":88,"column":30}},{"start":{},"end":{}}],"line":88},"5":{"loc":{"start":{"line":91,"column":8},"end":{"line":91,"column":24}},"type":"if","locations":[{"start":{"line":91,"column":8},"end":{"line":91,"column":24}},{"start":{},"end":{}}],"line":91},"6":{"loc":{"start":{"line":94,"column":8},"end":{"line":94,"column":25}},"type":"if","locations":[{"start":{"line":94,"column":8},"end":{"line":94,"column":25}},{"start":{},"end":{}}],"line":94},"7":{"loc":{"start":{"line":114,"column":8},"end":{"line":114,"column":30}},"type":"if","locations":[{"start":{"line":114,"column":8},"end":{"line":114,"column":30}},{"start":{},"end":{}}],"line":114},"8":{"loc":{"start":{"line":117,"column":8},"end":{"line":117,"column":24}},"type":"if","locations":[{"start":{"line":117,"column":8},"end":{"line":117,"column":24}},{"start":{},"end":{}}],"line":117},"9":{"loc":{"start":{"line":144,"column":8},"end":{"line":144,"column":29}},"type":"if","locations":[{"start":{"line":144,"column":8},"end":{"line":144,"column":29}},{"start":{},"end":{}}],"line":144},"10":{"loc":{"start":{"line":159,"column":8},"end":{"line":159,"column":29}},"type":"if","locations":[{"start":{"line":159,"column":8},"end":{"line":159,"column":29}},{"start":{},"end":{}}],"line":159},"11":{"loc":{"start":{"line":179,"column":8},"end":{"line":179,"column":30}},"type":"if","locations":[{"start":{"line":179,"column":8},"end":{"line":179,"column":30}},{"start":{},"end":{}}],"line":179},"12":{"loc":{"start":{"line":185,"column":12},"end":{"line":185,"column":37}},"type":"if","locations":[{"start":{"line":185,"column":12},"end":{"line":185,"column":37}},{"start":{},"end":{}}],"line":185},"13":{"loc":{"start":{"line":188,"column":8},"end":{"line":188,"column":35}},"type":"if","locations":[{"start":{"line":188,"column":8},"end":{"line":188,"column":35}},{"start":{},"end":{}}],"line":188},"14":{"loc":{"start":{"line":212,"column":8},"end":{"line":212,"column":28}},"type":"if","locations":[{"start":{"line":212,"column":8},"end":{"line":212,"column":28}},{"start":{},"end":{}}],"line":212},"15":{"loc":{"start":{"line":225,"column":8},"end":{"line":225,"column":28}},"type":"if","locations":[{"start":{"line":225,"column":8},"end":{"line":225,"column":28}},{"start":{},"end":{}}],"line":225},"16":{"loc":{"start":{"line":241,"column":11},"end":{"line":241,"column":48}},"type":"cond-expr","locations":[{"start":{"line":241,"column":32},"end":{"line":241,"column":40}},{"start":{"line":241,"column":43},"end":{"line":241,"column":48}}],"line":241}},"s":{"0":18,"1":18,"2":20,"3":20,"4":19,"5":20,"6":20,"7":20,"8":20,"9":20,"10":20,"11":20,"12":20,"13":20,"14":18,"15":10,"16":10,"17":10,"18":1,"19":9,"20":9,"21":1,"22":8,"23":8,"24":8,"25":8,"26":8,"27":8,"28":8,"29":8,"30":8,"31":8,"32":18,"33":18,"34":10,"35":18,"36":3,"37":3,"38":1,"39":2,"40":2,"41":2,"42":0,"43":2,"44":2,"45":0,"46":2,"47":2,"48":2,"49":0,"50":2,"51":2,"52":2,"53":2,"54":2,"55":2,"56":18,"57":18,"58":8,"59":8,"60":8,"61":0,"62":8,"63":8,"64":1,"65":7,"66":7,"67":7,"68":7,"69":7,"70":7,"71":7,"72":7,"73":7,"74":7,"75":7,"76":7,"77":7,"78":7,"79":7,"80":18,"81":2,"82":2,"83":1,"84":1,"85":1,"86":1,"87":1,"88":1,"89":1,"90":1,"91":18,"92":1,"93":1,"94":0,"95":1,"96":1,"97":1,"98":1,"99":1,"100":1,"101":18,"102":18,"103":5,"104":5,"105":5,"106":1,"107":4,"108":4,"109":4,"110":4,"111":4,"112":3,"113":4,"114":1,"115":3,"116":3,"117":3,"118":3,"119":3,"120":3,"121":3,"122":3,"123":3,"124":3,"125":3,"126":3,"127":18,"128":2,"129":2,"130":1,"131":1,"132":1,"133":1,"134":1,"135":1,"136":18,"137":1,"138":1,"139":0,"140":1,"141":1,"142":1,"143":1,"144":1,"145":18,"146":19,"147":18},"f":{"0":18,"1":20,"2":10,"3":10,"4":3,"5":2,"6":8,"7":2,"8":1,"9":5,"10":4,"11":2,"12":1,"13":19},"b":{"0":[19,1],"1":[1,9],"2":[1,8],"3":[1,2],"4":[0,2],"5":[0,2],"6":[0,2],"7":[0,8],"8":[1,7],"9":[1,1],"10":[0,1],"11":[1,4],"12":[3,1],"13":[1,3],"14":[1,1],"15":[0,1],"16":[17,1]},"inputSourceMap":null,"_coverageSchema":"1a1c01bbd47fc00a2c39e90264f33305004495a9","hash":"857eb6a041dcd70d94f39f0fea42193e7bd57d7b"}
,"/Users/chris/dev-feepay/db-tool/src/services/mergeService.js": {"path":"/Users/chris/dev-feepay/db-tool/src/services/mergeService.js","statementMap":{"0":{"start":{"line":6,"column":23},"end":{"line":6,"column":32}},"1":{"start":{"line":8,"column":4},"end":{"line":10,"column":7}},"2":{"start":{"line":9,"column":8},"end":{"line":9,"column":71}},"3":{"start":{"line":9,"column":34},"end":{"line":9,"column":71}},"4":{"start":{"line":12,"column":4},"end":{"line":14,"column":7}},"5":{"start":{"line":13,"column":8},"end":{"line":13,"column":75}},"6":{"start":{"line":13,"column":36},"end":{"line":13,"column":75}},"7":{"start":{"line":17,"column":31},"end":{"line":20,"column":5}},"8":{"start":{"line":18,"column":20},"end":{"line":18,"column":47}},"9":{"start":{"line":22,"column":30},"end":{"line":25,"column":5}},"10":{"start":{"line":23,"column":20},"end":{"line":23,"column":47}},"11":{"start":{"line":27,"column":27},"end":{"line":30,"column":5}},"12":{"start":{"line":28,"column":20},"end":{"line":28,"column":51}},"13":{"start":{"line":32,"column":33},"end":{"line":35,"column":5}},"14":{"start":{"line":33,"column":20},"end":{"line":33,"column":51}},"15":{"start":{"line":37,"column":4},"end":{"line":65,"column":6}},"16":{"start":{"line":72,"column":4},"end":{"line":82,"column":6}},"17":{"start":{"line":79,"column":53},"end":{"line":79,"column":78}},"18":{"start":{"line":80,"column":51},"end":{"line":80,"column":76}}},"fnMap":{"0":{"name":"mergeAllData","decl":{"start":{"line":4,"column":16},"end":{"line":4,"column":28}},"loc":{"start":{"line":4,"column":54},"end":{"line":66,"column":1}},"line":4},"1":{"name":"(anonymous_1)","decl":{"start":{"line":8,"column":42},"end":{"line":8,"column":43}},"loc":{"start":{"line":8,"column":50},"end":{"line":10,"column":5}},"line":8},"2":{"name":"(anonymous_2)","decl":{"start":{"line":12,"column":31},"end":{"line":12,"column":32}},"loc":{"start":{"line":12,"column":41},"end":{"line":14,"column":5}},"line":12},"3":{"name":"(anonymous_3)","decl":{"start":{"line":18,"column":8},"end":{"line":18,"column":9}},"loc":{"start":{"line":18,"column":20},"end":{"line":18,"column":47}},"line":18},"4":{"name":"(anonymous_4)","decl":{"start":{"line":23,"column":8},"end":{"line":23,"column":9}},"loc":{"start":{"line":23,"column":20},"end":{"line":23,"column":47}},"line":23},"5":{"name":"(anonymous_5)","decl":{"start":{"line":28,"column":8},"end":{"line":28,"column":9}},"loc":{"start":{"line":28,"column":20},"end":{"line":28,"column":51}},"line":28},"6":{"name":"(anonymous_6)","decl":{"start":{"line":33,"column":8},"end":{"line":33,"column":9}},"loc":{"start":{"line":33,"column":20},"end":{"line":33,"column":51}},"line":33},"7":{"name":"mergePaymentsAndRefunds","decl":{"start":{"line":71,"column":16},"end":{"line":71,"column":39}},"loc":{"start":{"line":71,"column":59},"end":{"line":83,"column":1}},"line":71},"8":{"name":"(anonymous_8)","decl":{"start":{"line":79,"column":43},"end":{"line":79,"column":44}},"loc":{"start":{"line":79,"column":53},"end":{"line":79,"column":78}},"line":79},"9":{"name":"(anonymous_9)","decl":{"start":{"line":80,"column":41},"end":{"line":80,"column":42}},"loc":{"start":{"line":80,"column":51},"end":{"line":80,"column":76}},"line":80}},"branchMap":{"0":{"loc":{"start":{"line":9,"column":8},"end":{"line":9,"column":71}},"type":"if","locations":[{"start":{"line":9,"column":8},"end":{"line":9,"column":71}},{"start":{},"end":{}}],"line":9},"1":{"loc":{"start":{"line":13,"column":8},"end":{"line":13,"column":75}},"type":"if","locations":[{"start":{"line":13,"column":8},"end":{"line":13,"column":75}},{"start":{},"end":{}}],"line":13},"2":{"loc":{"start":{"line":18,"column":33},"end":{"line":18,"column":46}},"type":"binary-expr","locations":[{"start":{"line":18,"column":33},"end":{"line":18,"column":41}},{"start":{"line":18,"column":45},"end":{"line":18,"column":46}}],"line":18},"3":{"loc":{"start":{"line":23,"column":33},"end":{"line":23,"column":46}},"type":"binary-expr","locations":[{"start":{"line":23,"column":33},"end":{"line":23,"column":41}},{"start":{"line":23,"column":45},"end":{"line":23,"column":46}}],"line":23},"4":{"loc":{"start":{"line":28,"column":33},"end":{"line":28,"column":50}},"type":"binary-expr","locations":[{"start":{"line":28,"column":33},"end":{"line":28,"column":45}},{"start":{"line":28,"column":49},"end":{"line":28,"column":50}}],"line":28},"5":{"loc":{"start":{"line":33,"column":33},"end":{"line":33,"column":50}},"type":"binary-expr","locations":[{"start":{"line":33,"column":33},"end":{"line":33,"column":45}},{"start":{"line":33,"column":49},"end":{"line":33,"column":50}}],"line":33},"6":{"loc":{"start":{"line":73,"column":13},"end":{"line":73,"column":72}},"type":"binary-expr","locations":[{"start":{"line":73,"column":13},"end":{"line":73,"column":41}},{"start":{"line":73,"column":45},"end":{"line":73,"column":72}}],"line":73},"7":{"loc":{"start":{"line":79,"column":64},"end":{"line":79,"column":77}},"type":"binary-expr","locations":[{"start":{"line":79,"column":64},"end":{"line":79,"column":72}},{"start":{"line":79,"column":76},"end":{"line":79,"column":77}}],"line":79},"8":{"loc":{"start":{"line":80,"column":62},"end":{"line":80,"column":75}},"type":"binary-expr","locations":[{"start":{"line":80,"column":62},"end":{"line":80,"column":70}},{"start":{"line":80,"column":74},"end":{"line":80,"column":75}}],"line":80}},"s":{"0":6,"1":6,"2":6,"3":5,"4":6,"5":6,"6":4,"7":6,"8":4,"9":6,"10":6,"11":6,"12":4,"13":6,"14":2,"15":6,"16":8,"17":8,"18":6},"f":{"0":6,"1":6,"2":6,"3":4,"4":6,"5":4,"6":2,"7":8,"8":8,"9":6},"b":{"0":[5,1],"1":[4,2],"2":[4,1],"3":[6,2],"4":[4,1],"5":[2,1],"6":[8,3],"7":[8,2],"8":[6,2]},"inputSourceMap":null,"_coverageSchema":"1a1c01bbd47fc00a2c39e90264f33305004495a9","hash":"bb42ef7908bf7f6071d479c7806fcb4d5e485ceb"}
,"/Users/chris/dev-feepay/db-tool/src/utils/args.js": {"path":"/Users/chris/dev-feepay/db-tool/src/utils/args.js","statementMap":{"0":{"start":{"line":2,"column":17},"end":{"line":2,"column":38}},"1":{"start":{"line":4,"column":16},"end":{"line":4,"column":18}},"2":{"start":{"line":6,"column":4},"end":{"line":14,"column":5}},"3":{"start":{"line":6,"column":17},"end":{"line":6,"column":18}},"4":{"start":{"line":7,"column":8},"end":{"line":13,"column":9}},"5":{"start":{"line":8,"column":24},"end":{"line":8,"column":50}},"6":{"start":{"line":9,"column":26},"end":{"line":11,"column":22}},"7":{"start":{"line":12,"column":12},"end":{"line":12,"column":29}},"8":{"start":{"line":16,"column":4},"end":{"line":16,"column":15}}},"fnMap":{"0":{"name":"parseArgs","decl":{"start":{"line":1,"column":16},"end":{"line":1,"column":25}},"loc":{"start":{"line":1,"column":28},"end":{"line":17,"column":1}},"line":1}},"branchMap":{"0":{"loc":{"start":{"line":7,"column":8},"end":{"line":13,"column":9}},"type":"if","locations":[{"start":{"line":7,"column":8},"end":{"line":13,"column":9}},{"start":{},"end":{}}],"line":7},"1":{"loc":{"start":{"line":9,"column":26},"end":{"line":11,"column":22}},"type":"cond-expr","locations":[{"start":{"line":10,"column":18},"end":{"line":10,"column":29}},{"start":{"line":11,"column":18},"end":{"line":11,"column":22}}],"line":9},"2":{"loc":{"start":{"line":9,"column":26},"end":{"line":9,"column":69}},"type":"binary-expr","locations":[{"start":{"line":9,"column":26},"end":{"line":9,"column":37}},{"start":{"line":9,"column":41},"end":{"line":9,"column":69}}],"line":9}},"s":{"0":8,"1":8,"2":8,"3":8,"4":17,"5":11,"6":11,"7":11,"8":8},"f":{"0":8},"b":{"0":[11,6],"1":[6,5],"2":[11,8]},"inputSourceMap":null,"_coverageSchema":"1a1c01bbd47fc00a2c39e90264f33305004495a9","hash":"c494dcaf5e581fac28a838ec11d7b7d4fa9eaa7c"}
}
