TN:
SF:src/config/db.js
FNF:0
FNH:0
DA:2,5
DA:5,5
DA:14,5
LF:3
LH:3
BRF:0
BRH:0
end_of_record
TN:
SF:src/mappers/databaseToDomain.js
FN:20,mapDatabaseToDomain
FN:33,(anonymous_1)
FN:53,(anonymous_2)
FN:69,(anonymous_3)
FN:70,(anonymous_4)
FN:81,(anonymous_5)
FN:102,(anonymous_6)
FN:103,(anonymous_7)
FN:105,(anonymous_8)
FN:114,(anonymous_9)
FN:115,(anonymous_10)
FN:136,findCaseByCCD
FN:143,findServiceRequestByLinkId
FN:145,(anonymous_13)
FN:149,(anonymous_14)
FNF:15
FNH:15
FNDA:15,mapDatabaseToDomain
FNDA:17,(anonymous_1)
FNDA:14,(anonymous_2)
FNDA:5,(anonymous_3)
FNDA:4,(anonymous_4)
FNDA:10,(anonymous_5)
FNDA:8,(anonymous_6)
FNDA:6,(anonymous_7)
FNDA:9,(anonymous_8)
FNDA:5,(anonymous_9)
FNDA:4,(anonymous_10)
FNDA:24,findCaseByCCD
FNDA:24,findServiceRequestByLinkId
FNDA:27,(anonymous_13)
FNDA:25,(anonymous_14)
DA:28,15
DA:31,15
DA:33,15
DA:34,17
DA:36,17
DA:37,15
DA:38,15
DA:41,17
DA:42,17
DA:43,17
DA:44,17
DA:45,17
DA:46,17
DA:47,17
DA:49,17
DA:53,15
DA:54,14
DA:55,14
DA:57,14
DA:58,14
DA:60,13
DA:61,13
DA:62,13
DA:63,13
DA:64,13
DA:66,13
DA:69,13
DA:70,13
DA:71,4
DA:72,4
DA:73,4
DA:74,4
DA:76,4
DA:81,15
DA:82,10
DA:83,10
DA:85,10
DA:86,10
DA:88,9
DA:89,9
DA:90,9
DA:91,9
DA:92,9
DA:93,9
DA:94,9
DA:95,9
DA:96,9
DA:97,9
DA:98,9
DA:99,9
DA:102,9
DA:103,9
DA:105,9
DA:106,6
DA:107,6
DA:111,9
DA:114,9
DA:115,9
DA:116,4
DA:117,4
DA:118,4
DA:119,4
DA:120,4
DA:121,4
DA:122,4
DA:124,4
DA:129,15
DA:130,15
DA:137,24
DA:145,27
DA:146,24
DA:149,25
LF:72
LH:72
BRDA:36,0,0,15
BRDA:36,0,1,2
BRDA:55,1,0,0
BRDA:55,1,1,14
BRDA:58,2,0,1
BRDA:58,2,1,13
BRDA:83,3,0,0
BRDA:83,3,1,10
BRDA:86,4,0,1
BRDA:86,4,1,9
BRDA:106,5,0,6
BRDA:106,5,1,0
BRDA:130,6,0,13
BRDA:130,6,1,2
BRDA:146,7,0,2
BRDA:146,7,1,22
BRF:16
BRH:13
end_of_record
TN:
SF:src/mappers/domainToDatabase.js
FN:17,mapCaseToDatabase
FN:34,(anonymous_1)
FN:53,(anonymous_2)
FN:72,(anonymous_3)
FN:91,(anonymous_4)
FN:113,(anonymous_5)
FN:133,(anonymous_6)
FN:135,(anonymous_7)
FN:166,validateDatabaseEntities
FN:178,(anonymous_9)
FN:191,(anonymous_10)
FN:204,(anonymous_11)
FN:217,(anonymous_12)
FN:230,(anonymous_13)
FN:243,(anonymous_14)
FNF:15
FNH:12
FNDA:15,mapCaseToDatabase
FNDA:17,(anonymous_1)
FNDA:16,(anonymous_2)
FNDA:5,(anonymous_3)
FNDA:11,(anonymous_4)
FNDA:4,(anonymous_5)
FNDA:6,(anonymous_6)
FNDA:9,(anonymous_7)
FNDA:2,validateDatabaseEntities
FNDA:2,(anonymous_9)
FNDA:2,(anonymous_10)
FNDA:1,(anonymous_11)
FNDA:0,(anonymous_12)
FNDA:0,(anonymous_13)
FNDA:0,(anonymous_14)
DA:18,15
DA:27,15
DA:28,15
DA:29,15
DA:30,15
DA:31,15
DA:32,15
DA:34,15
DA:36,17
DA:37,17
DA:38,17
DA:39,17
DA:40,17
DA:41,17
DA:42,17
DA:43,17
DA:44,17
DA:47,17
DA:48,17
DA:50,17
DA:53,17
DA:54,16
DA:55,16
DA:56,16
DA:57,16
DA:58,16
DA:59,16
DA:60,16
DA:61,16
DA:62,16
DA:63,16
DA:64,16
DA:65,16
DA:66,16
DA:67,16
DA:69,16
DA:72,16
DA:73,5
DA:74,5
DA:75,5
DA:76,5
DA:77,5
DA:78,5
DA:79,5
DA:80,5
DA:81,5
DA:83,5
DA:84,5
DA:87,16
DA:91,17
DA:92,11
DA:93,11
DA:94,11
DA:95,11
DA:96,11
DA:97,11
DA:98,11
DA:99,11
DA:100,11
DA:101,11
DA:102,11
DA:103,11
DA:104,11
DA:105,11
DA:106,11
DA:107,11
DA:108,11
DA:110,11
DA:113,11
DA:114,4
DA:115,4
DA:116,4
DA:117,4
DA:118,4
DA:119,4
DA:120,4
DA:121,4
DA:122,4
DA:123,4
DA:124,4
DA:125,4
DA:126,4
DA:128,4
DA:129,4
DA:133,11
DA:135,9
DA:137,6
DA:138,6
DA:139,6
DA:140,6
DA:141,6
DA:142,6
DA:143,6
DA:144,6
DA:145,6
DA:146,6
DA:147,6
DA:149,6
DA:150,6
DA:154,11
DA:157,17
DA:160,15
DA:167,2
DA:178,2
DA:179,2
DA:180,2
DA:181,1
DA:183,2
DA:191,2
DA:192,2
DA:193,2
DA:194,1
DA:196,2
DA:204,2
DA:205,1
DA:206,1
DA:207,0
DA:209,1
DA:217,2
DA:218,0
DA:219,0
DA:220,0
DA:222,0
DA:230,2
DA:231,0
DA:232,0
DA:233,0
DA:235,0
DA:243,2
DA:244,0
DA:245,0
DA:246,0
DA:248,0
DA:255,2
LF:134
LH:121
BRDA:43,0,0,17
BRDA:43,0,1,16
BRDA:44,1,0,17
BRDA:44,1,1,16
BRDA:60,2,0,16
BRDA:60,2,1,0
BRDA:61,3,0,16
BRDA:61,3,1,0
BRDA:66,4,0,16
BRDA:66,4,1,15
BRDA:67,5,0,16
BRDA:67,5,1,15
BRDA:80,6,0,5
BRDA:80,6,1,4
BRDA:81,7,0,5
BRDA:81,7,1,5
BRDA:97,8,0,11
BRDA:97,8,1,0
BRDA:106,9,0,11
BRDA:106,9,1,10
BRDA:107,10,0,11
BRDA:107,10,1,10
BRDA:123,11,0,4
BRDA:123,11,1,3
BRDA:124,12,0,4
BRDA:124,12,1,4
BRDA:137,13,0,6
BRDA:137,13,1,0
BRDA:180,14,0,1
BRDA:180,14,1,1
BRDA:193,15,0,1
BRDA:193,15,1,1
BRDA:206,16,0,0
BRDA:206,16,1,1
BRDA:219,17,0,0
BRDA:219,17,1,0
BRDA:232,18,0,0
BRDA:232,18,1,0
BRDA:245,19,0,0
BRDA:245,19,1,0
BRF:40
BRH:29
end_of_record
TN:
SF:src/models/Case.js
FN:12,(anonymous_0)
FN:17,(anonymous_1)
FN:24,(anonymous_2)
FN:25,(anonymous_3)
FN:63,(anonymous_4)
FN:77,(anonymous_5)
FN:81,(anonymous_6)
FN:88,(anonymous_7)
FN:89,(anonymous_8)
FN:95,(anonymous_9)
FN:96,(anonymous_10)
FN:97,(anonymous_11)
FN:98,(anonymous_12)
FN:101,(anonymous_13)
FN:102,(anonymous_14)
FN:103,(anonymous_15)
FN:114,(anonymous_16)
FN:125,(anonymous_17)
FN:140,(anonymous_18)
FN:149,(anonymous_19)
FN:170,(anonymous_20)
FN:174,(anonymous_21)
FN:178,(anonymous_22)
FN:187,(anonymous_23)
FN:204,(anonymous_24)
FN:208,(anonymous_25)
FN:217,(anonymous_26)
FN:232,(anonymous_27)
FN:247,(anonymous_28)
FN:260,(anonymous_29)
FN:275,(anonymous_30)
FNF:31
FNH:31
FNDA:23,(anonymous_0)
FNDA:24,(anonymous_1)
FNDA:2,(anonymous_2)
FNDA:3,(anonymous_3)
FNDA:28,(anonymous_4)
FNDA:13,(anonymous_5)
FNDA:14,(anonymous_6)
FNDA:5,(anonymous_7)
FNDA:6,(anonymous_8)
FNDA:4,(anonymous_9)
FNDA:4,(anonymous_10)
FNDA:4,(anonymous_11)
FNDA:1,(anonymous_12)
FNDA:4,(anonymous_13)
FNDA:4,(anonymous_14)
FNDA:2,(anonymous_15)
FNDA:4,(anonymous_16)
FNDA:15,(anonymous_17)
FNDA:4,(anonymous_18)
FNDA:16,(anonymous_19)
FNDA:8,(anonymous_20)
FNDA:1,(anonymous_21)
FNDA:1,(anonymous_22)
FNDA:10,(anonymous_23)
FNDA:2,(anonymous_24)
FNDA:2,(anonymous_25)
FNDA:4,(anonymous_26)
FNDA:1,(anonymous_27)
FNDA:1,(anonymous_28)
FNDA:1,(anonymous_29)
FNDA:1,(anonymous_30)
DA:13,23
DA:14,23
DA:18,24
DA:25,2
DA:26,3
DA:27,3
DA:50,2
DA:64,28
DA:65,28
DA:66,28
DA:67,28
DA:68,28
DA:69,28
DA:70,28
DA:71,28
DA:72,28
DA:73,28
DA:74,28
DA:78,13
DA:82,14
DA:89,6
DA:96,4
DA:97,4
DA:98,4
DA:101,4
DA:102,4
DA:103,4
DA:106,4
DA:114,4
DA:126,15
DA:127,15
DA:128,15
DA:129,15
DA:130,15
DA:131,15
DA:132,15
DA:133,15
DA:134,15
DA:135,15
DA:136,15
DA:137,15
DA:141,4
DA:150,16
DA:151,16
DA:152,16
DA:153,16
DA:154,16
DA:155,16
DA:156,16
DA:157,16
DA:158,16
DA:159,16
DA:160,16
DA:161,16
DA:162,16
DA:163,16
DA:164,16
DA:165,16
DA:166,16
DA:167,16
DA:171,8
DA:175,1
DA:179,1
DA:188,10
DA:189,10
DA:190,10
DA:191,10
DA:192,10
DA:193,10
DA:194,10
DA:195,10
DA:196,10
DA:197,10
DA:198,10
DA:199,10
DA:200,10
DA:201,10
DA:205,2
DA:209,2
DA:218,4
DA:219,4
DA:220,4
DA:221,4
DA:222,4
DA:223,4
DA:224,4
DA:233,1
DA:234,1
DA:235,1
DA:236,1
DA:237,1
DA:238,1
DA:239,1
DA:248,1
DA:249,1
DA:250,1
DA:251,1
DA:252,1
DA:261,1
DA:262,1
DA:263,1
DA:264,1
DA:265,1
DA:266,1
DA:267,1
DA:276,1
DA:277,1
DA:278,1
DA:279,1
DA:280,1
DA:281,1
LF:111
LH:111
BRDA:96,0,0,4
BRDA:96,0,1,0
BRDA:98,1,0,1
BRDA:98,1,1,0
BRDA:101,2,0,4
BRDA:101,2,1,0
BRDA:103,3,0,2
BRDA:103,3,1,0
BRF:8
BRH:4
end_of_record
TN:
SF:src/models/database/Apportionment.js
FN:8,(anonymous_0)
FN:36,(anonymous_1)
FN:41,(anonymous_2)
FN:50,(anonymous_3)
FNF:4
FNH:3
FNDA:11,(anonymous_0)
FNDA:1,(anonymous_1)
FNDA:0,(anonymous_2)
FNDA:2,(anonymous_3)
DA:9,11
DA:10,11
DA:11,11
DA:12,11
DA:13,11
DA:14,11
DA:15,11
DA:16,11
DA:17,11
DA:18,11
DA:19,11
DA:20,11
DA:21,11
DA:24,4
DA:37,1
DA:39,1
DA:40,9
DA:41,9
DA:44,1
DA:51,2
DA:53,2
DA:54,2
DA:55,2
DA:57,2
DA:58,1
DA:64,2
DA:65,2
DA:66,2
DA:68,2
DA:69,1
DA:75,2
LF:31
LH:31
BRDA:53,0,0,2
BRDA:53,0,1,0
BRDA:53,1,0,2
BRDA:53,1,1,2
BRDA:55,2,0,2
BRDA:55,2,1,0
BRDA:57,3,0,1
BRDA:57,3,1,1
BRDA:64,4,0,2
BRDA:64,4,1,0
BRDA:64,5,0,2
BRDA:64,5,1,2
BRDA:66,6,0,2
BRDA:66,6,1,0
BRDA:68,7,0,1
BRDA:68,7,1,1
BRF:16
BRH:12
end_of_record
TN:
SF:src/models/database/Fee.js
FN:8,(anonymous_0)
FN:39,(anonymous_1)
FN:44,(anonymous_2)
FNF:3
FNH:3
FNDA:25,(anonymous_0)
FNDA:4,(anonymous_1)
FNDA:6,(anonymous_2)
DA:9,25
DA:10,25
DA:11,25
DA:12,25
DA:13,25
DA:14,25
DA:15,25
DA:16,25
DA:17,25
DA:18,25
DA:19,25
DA:20,25
DA:21,25
DA:24,4
DA:40,4
DA:42,4
DA:43,48
DA:44,48
DA:48,4
DA:49,4
DA:50,4
DA:51,4
DA:53,4
DA:54,1
DA:60,4
LF:25
LH:25
BRDA:48,0,0,4
BRDA:48,0,1,0
BRDA:48,1,0,4
BRDA:48,1,1,4
BRDA:48,1,2,4
BRDA:53,2,0,1
BRDA:53,2,1,3
BRF:7
BRH:6
end_of_record
TN:
SF:src/models/database/Payment.js
FN:8,(anonymous_0)
FN:54,(anonymous_1)
FN:59,(anonymous_2)
FNF:3
FNH:2
FNDA:17,(anonymous_0)
FNDA:3,(anonymous_1)
FNDA:0,(anonymous_2)
DA:9,17
DA:10,17
DA:11,17
DA:12,17
DA:13,17
DA:14,17
DA:15,17
DA:16,17
DA:17,17
DA:18,17
DA:19,17
DA:20,17
DA:21,17
DA:22,17
DA:23,17
DA:24,17
DA:25,17
DA:26,17
DA:27,17
DA:28,17
DA:29,17
DA:30,17
DA:31,17
DA:32,17
DA:33,17
DA:34,17
DA:35,17
DA:36,17
DA:37,17
DA:40,4
DA:55,3
DA:57,3
DA:58,33
DA:59,33
DA:63,3
DA:64,1
DA:67,3
LF:37
LH:37
BRDA:63,0,0,1
BRDA:63,0,1,2
BRDA:63,1,0,3
BRDA:63,1,1,1
BRF:4
BRH:4
end_of_record
TN:
SF:src/models/database/PaymentFeeLink.js
FN:11,(anonymous_0)
FN:43,(anonymous_1)
FN:48,(anonymous_2)
FN:58,(anonymous_3)
FN:61,(anonymous_4)
FN:62,(anonymous_5)
FN:63,(anonymous_6)
FNF:7
FNH:7
FNDA:31,(anonymous_0)
FNDA:4,(anonymous_1)
FNDA:6,(anonymous_2)
FNDA:2,(anonymous_3)
FNDA:3,(anonymous_4)
FNDA:2,(anonymous_5)
FNDA:1,(anonymous_6)
DA:12,31
DA:13,31
DA:14,31
DA:15,31
DA:16,31
DA:17,31
DA:18,31
DA:19,31
DA:20,31
DA:21,31
DA:27,4
DA:44,4
DA:46,4
DA:47,40
DA:48,40
DA:51,4
DA:59,2
DA:61,3
DA:62,2
DA:63,2
DA:65,2
DA:66,2
DA:68,2
DA:69,2
DA:70,1
DA:76,2
LF:26
LH:26
BRDA:61,0,0,3
BRDA:61,0,1,0
BRDA:62,1,0,2
BRDA:62,1,1,0
BRDA:63,2,0,1
BRDA:63,2,1,0
BRDA:66,3,0,2
BRDA:66,3,1,0
BRDA:69,4,0,1
BRDA:69,4,1,1
BRF:10
BRH:6
end_of_record
TN:
SF:src/models/database/Refund.js
FN:8,(anonymous_0)
FN:38,(anonymous_1)
FN:43,(anonymous_2)
FN:55,(anonymous_3)
FNF:4
FNH:3
FNDA:8,(anonymous_0)
FNDA:1,(anonymous_1)
FNDA:0,(anonymous_2)
FNDA:2,(anonymous_3)
DA:9,8
DA:10,8
DA:11,8
DA:12,8
DA:13,8
DA:14,8
DA:15,8
DA:16,8
DA:17,8
DA:18,8
DA:19,8
DA:20,8
DA:21,8
DA:22,8
DA:23,8
DA:24,8
DA:27,4
DA:39,1
DA:41,1
DA:42,8
DA:43,8
DA:49,1
DA:56,2
DA:58,2
DA:59,2
DA:60,2
DA:62,2
DA:63,1
DA:69,2
LF:29
LH:29
BRDA:58,0,0,2
BRDA:58,0,1,0
BRDA:58,1,0,2
BRDA:58,1,1,2
BRDA:60,2,0,2
BRDA:60,2,1,0
BRDA:62,3,0,1
BRDA:62,3,1,1
BRF:8
BRH:6
end_of_record
TN:
SF:src/models/database/Remission.js
FN:8,(anonymous_0)
FN:30,(anonymous_1)
FN:35,(anonymous_2)
FN:44,(anonymous_3)
FNF:4
FNH:3
FNDA:9,(anonymous_0)
FNDA:1,(anonymous_1)
FNDA:0,(anonymous_2)
FNDA:2,(anonymous_3)
DA:9,9
DA:10,9
DA:11,9
DA:12,9
DA:13,9
DA:14,9
DA:15,9
DA:16,9
DA:17,9
DA:20,4
DA:31,1
DA:33,1
DA:34,7
DA:35,7
DA:38,1
DA:45,2
DA:47,2
DA:48,2
DA:49,2
DA:51,2
DA:52,1
DA:58,2
LF:22
LH:22
BRDA:47,0,0,2
BRDA:47,0,1,0
BRDA:47,1,0,2
BRDA:47,1,1,2
BRDA:49,2,0,2
BRDA:49,2,1,0
BRDA:51,3,0,1
BRDA:51,3,1,1
BRF:8
BRH:6
end_of_record
TN:
SF:src/models/database/validators.js
FN:40,(anonymous_0)
FN:45,(anonymous_1)
FN:49,(anonymous_2)
FN:53,(anonymous_3)
FN:57,(anonymous_4)
FN:66,(anonymous_5)
FN:77,(anonymous_6)
FN:84,(anonymous_7)
FN:91,(anonymous_8)
FN:96,(anonymous_9)
FN:101,(anonymous_10)
FN:110,validateField
FNF:12
FNH:12
FNDA:25,(anonymous_0)
FNDA:16,(anonymous_1)
FNDA:5,(anonymous_2)
FNDA:25,(anonymous_3)
FNDA:6,(anonymous_4)
FNDA:239,(anonymous_5)
FNDA:133,(anonymous_6)
FNDA:106,(anonymous_7)
FNDA:18,(anonymous_8)
FNDA:47,(anonymous_9)
FNDA:67,(anonymous_10)
FNDA:152,validateField
DA:5,5
DA:13,5
DA:22,5
DA:30,5
DA:41,25
DA:42,25
DA:46,16
DA:50,5
DA:54,25
DA:58,6
DA:67,239
DA:68,239
DA:69,239
DA:70,239
DA:71,239
DA:72,239
DA:73,239
DA:74,239
DA:78,133
DA:79,133
DA:80,133
DA:81,133
DA:85,106
DA:86,106
DA:87,106
DA:92,18
DA:93,18
DA:97,47
DA:98,47
DA:102,67
DA:103,67
DA:111,152
DA:113,152
DA:114,9
DA:115,9
DA:118,143
DA:119,0
DA:122,143
DA:123,102
DA:124,1
DA:127,102
DA:128,0
DA:131,102
DA:132,1
DA:135,102
DA:136,0
DA:139,102
DA:140,6
DA:143,102
DA:144,0
DA:148,143
LF:51
LH:47
BRDA:113,0,0,9
BRDA:113,0,1,143
BRDA:113,1,0,152
BRDA:113,1,1,102
BRDA:113,1,2,93
BRDA:118,2,0,0
BRDA:118,2,1,143
BRDA:118,3,0,143
BRDA:118,3,1,93
BRDA:122,4,0,102
BRDA:122,4,1,41
BRDA:122,5,0,143
BRDA:122,5,1,102
BRDA:123,6,0,1
BRDA:123,6,1,101
BRDA:123,7,0,102
BRDA:123,7,1,3
BRDA:127,8,0,0
BRDA:127,8,1,102
BRDA:127,9,0,102
BRDA:127,9,1,0
BRDA:127,9,2,0
BRDA:131,10,0,1
BRDA:131,10,1,101
BRDA:131,11,0,102
BRDA:131,11,1,24
BRDA:131,11,2,23
BRDA:135,12,0,0
BRDA:135,12,1,102
BRDA:135,13,0,102
BRDA:135,13,1,0
BRDA:135,13,2,0
BRDA:139,14,0,6
BRDA:139,14,1,96
BRDA:139,15,0,102
BRDA:139,15,1,30
BRDA:139,15,2,30
BRDA:143,16,0,0
BRDA:143,16,1,102
BRDA:143,17,0,102
BRDA:143,17,1,0
BRDA:143,17,2,0
BRF:42
BRH:32
end_of_record
TN:
SF:src/models/domain/Case.js
FN:13,(anonymous_0)
FN:18,(anonymous_1)
FN:22,(anonymous_2)
FN:23,(anonymous_3)
FN:58,(anonymous_4)
FN:70,(anonymous_5)
FN:74,(anonymous_6)
FN:78,(anonymous_7)
FN:79,(anonymous_8)
FN:82,(anonymous_9)
FN:83,(anonymous_10)
FN:84,(anonymous_11)
FN:85,(anonymous_12)
FN:87,(anonymous_13)
FN:88,(anonymous_14)
FN:89,(anonymous_15)
FN:110,(anonymous_16)
FN:121,(anonymous_17)
FN:125,(anonymous_18)
FN:129,(anonymous_19)
FN:130,(anonymous_20)
FN:139,(anonymous_21)
FN:157,(anonymous_22)
FN:161,(anonymous_23)
FN:165,(anonymous_24)
FN:166,(anonymous_25)
FN:169,(anonymous_26)
FN:178,(anonymous_27)
FN:195,(anonymous_28)
FNF:29
FNH:26
FNDA:30,(anonymous_0)
FNDA:34,(anonymous_1)
FNDA:2,(anonymous_2)
FNDA:2,(anonymous_3)
FNDA:34,(anonymous_4)
FNDA:29,(anonymous_5)
FNDA:20,(anonymous_6)
FNDA:19,(anonymous_7)
FNDA:13,(anonymous_8)
FNDA:19,(anonymous_9)
FNDA:18,(anonymous_10)
FNDA:18,(anonymous_11)
FNDA:7,(anonymous_12)
FNDA:13,(anonymous_13)
FNDA:13,(anonymous_14)
FNDA:6,(anonymous_15)
FNDA:29,(anonymous_16)
FNDA:9,(anonymous_17)
FNDA:34,(anonymous_18)
FNDA:16,(anonymous_19)
FNDA:5,(anonymous_20)
FNDA:20,(anonymous_21)
FNDA:8,(anonymous_22)
FNDA:12,(anonymous_23)
FNDA:0,(anonymous_24)
FNDA:0,(anonymous_25)
FNDA:0,(anonymous_26)
FNDA:8,(anonymous_27)
FNDA:9,(anonymous_28)
DA:14,30
DA:15,30
DA:19,34
DA:23,2
DA:24,2
DA:25,2
DA:46,2
DA:59,34
DA:60,34
DA:61,34
DA:62,34
DA:63,34
DA:64,34
DA:65,34
DA:66,34
DA:67,34
DA:71,29
DA:75,20
DA:79,19
DA:83,19
DA:84,19
DA:85,18
DA:87,19
DA:88,19
DA:89,13
DA:92,19
DA:111,29
DA:112,29
DA:113,29
DA:114,29
DA:115,29
DA:116,29
DA:117,29
DA:118,29
DA:122,9
DA:126,34
DA:130,16
DA:131,16
DA:140,20
DA:141,20
DA:142,20
DA:143,20
DA:144,20
DA:145,20
DA:146,20
DA:147,20
DA:148,20
DA:149,20
DA:150,20
DA:151,20
DA:152,20
DA:153,20
DA:154,20
DA:158,8
DA:162,12
DA:166,0
DA:170,0
DA:179,8
DA:180,8
DA:181,8
DA:182,8
DA:183,8
DA:184,8
DA:185,8
DA:186,8
DA:187,8
DA:196,9
DA:197,9
DA:198,9
DA:199,9
DA:200,9
LF:71
LH:69
BRDA:85,0,0,7
BRDA:85,0,1,0
BRDA:87,1,0,13
BRDA:87,1,1,0
BRDA:89,2,0,6
BRDA:89,2,1,0
BRDA:126,3,0,34
BRDA:126,3,1,0
BRDA:130,4,0,5
BRDA:130,4,1,0
BRDA:166,5,0,0
BRDA:166,5,1,0
BRDA:170,6,0,0
BRDA:170,6,1,0
BRF:14
BRH:5
end_of_record
TN:
SF:src/repositories/paymentsRepo.js
FN:7,getAllPaymentDataByCCD
FN:26,(anonymous_1)
FN:59,(anonymous_2)
FN:82,getAllPaymentDataByRC
FN:102,(anonymous_4)
FN:111,(anonymous_5)
FN:139,(anonymous_6)
FN:159,getPaymentsByCCD
FNF:8
FNH:8
FNDA:3,getAllPaymentDataByCCD
FNDA:2,(anonymous_1)
FNDA:1,(anonymous_2)
FNDA:2,getAllPaymentDataByRC
FNDA:1,(anonymous_4)
FNDA:1,(anonymous_5)
FNDA:1,(anonymous_6)
FNDA:4,getPaymentsByCCD
DA:9,3
DA:14,3
DA:15,1
DA:26,2
DA:35,2
DA:59,2
DA:60,2
DA:67,2
DA:84,2
DA:89,2
DA:90,1
DA:102,1
DA:105,1
DA:111,1
DA:119,1
DA:139,1
DA:140,1
DA:145,1
DA:160,4
DA:164,3
LF:20
LH:20
BRDA:14,0,0,1
BRDA:14,0,1,2
BRDA:60,1,0,1
BRDA:60,1,1,1
BRDA:89,2,0,1
BRDA:89,2,1,1
BRF:6
BRH:6
end_of_record
TN:
SF:src/repositories/refundsRepo.js
FN:7,getAllRefundDataByCCD
FN:22,(anonymous_1)
FN:47,getAllRefundDataByPaymentRef
FN:62,(anonymous_3)
FN:86,getRefundsByCCD
FNF:5
FNH:5
FNDA:2,getAllRefundDataByCCD
FNDA:1,(anonymous_1)
FNDA:2,getAllRefundDataByPaymentRef
FNDA:1,(anonymous_3)
FNDA:4,getRefundsByCCD
DA:9,2
DA:14,2
DA:15,1
DA:22,1
DA:25,1
DA:36,1
DA:49,2
DA:54,2
DA:55,1
DA:62,1
DA:65,1
DA:76,1
DA:87,4
DA:91,3
LF:14
LH:14
BRDA:14,0,0,1
BRDA:14,0,1,1
BRDA:54,1,0,1
BRDA:54,1,1,1
BRF:4
BRH:4
end_of_record
TN:
SF:src/services/caseTransformer.js
FN:20,transformToCase
FN:25,(anonymous_1)
FN:55,(anonymous_2)
FN:78,(anonymous_3)
FN:82,(anonymous_4)
FN:93,(anonymous_5)
FN:111,(anonymous_6)
FN:142,(anonymous_7)
FN:157,(anonymous_8)
FN:176,(anonymous_9)
FN:184,(anonymous_10)
FN:210,(anonymous_11)
FN:223,(anonymous_12)
FN:240,(anonymous_13)
FNF:14
FNH:14
FNDA:18,transformToCase
FNDA:20,(anonymous_1)
FNDA:10,(anonymous_2)
FNDA:10,(anonymous_3)
FNDA:3,(anonymous_4)
FNDA:2,(anonymous_5)
FNDA:8,(anonymous_6)
FNDA:2,(anonymous_7)
FNDA:1,(anonymous_8)
FNDA:5,(anonymous_9)
FNDA:4,(anonymous_10)
FNDA:2,(anonymous_11)
FNDA:1,(anonymous_12)
FNDA:19,(anonymous_13)
DA:22,18
DA:25,18
DA:26,20
DA:28,20
DA:29,19
DA:35,20
DA:38,20
DA:44,20
DA:45,20
DA:46,20
DA:47,20
DA:48,20
DA:50,20
DA:51,20
DA:55,18
DA:56,10
DA:57,10
DA:58,10
DA:60,9
DA:61,9
DA:63,8
DA:64,8
DA:65,8
DA:66,8
DA:67,8
DA:68,8
DA:69,8
DA:70,8
DA:71,8
DA:73,8
DA:77,18
DA:78,18
DA:79,10
DA:82,18
DA:83,3
DA:84,3
DA:86,2
DA:87,2
DA:88,2
DA:90,2
DA:91,2
DA:93,2
DA:94,2
DA:96,2
DA:101,2
DA:102,2
DA:103,2
DA:104,2
DA:106,2
DA:110,18
DA:111,18
DA:112,8
DA:113,8
DA:114,8
DA:116,8
DA:117,8
DA:119,7
DA:124,7
DA:125,7
DA:126,7
DA:127,7
DA:128,7
DA:129,7
DA:130,7
DA:131,7
DA:132,7
DA:133,7
DA:134,7
DA:135,7
DA:137,7
DA:138,7
DA:142,18
DA:143,2
DA:144,2
DA:146,1
DA:147,1
DA:148,1
DA:149,1
DA:150,1
DA:151,1
DA:153,1
DA:157,18
DA:158,1
DA:159,1
DA:161,1
DA:166,1
DA:167,1
DA:168,1
DA:169,1
DA:171,1
DA:175,18
DA:176,18
DA:177,5
DA:178,5
DA:179,5
DA:182,4
DA:183,4
DA:184,4
DA:185,4
DA:188,4
DA:190,3
DA:195,3
DA:196,3
DA:197,3
DA:198,3
DA:199,3
DA:200,3
DA:201,3
DA:202,3
DA:203,3
DA:205,3
DA:206,3
DA:210,18
DA:211,2
DA:212,2
DA:214,1
DA:215,1
DA:216,1
DA:217,1
DA:219,1
DA:223,18
DA:224,1
DA:225,1
DA:227,1
DA:232,1
DA:233,1
DA:234,1
DA:236,1
DA:240,19
DA:241,18
LF:130
LH:130
BRDA:28,0,0,19
BRDA:28,0,1,1
BRDA:58,1,0,1
BRDA:58,1,1,9
BRDA:61,2,0,1
BRDA:61,2,1,8
BRDA:84,3,0,1
BRDA:84,3,1,2
BRDA:88,4,0,0
BRDA:88,4,1,2
BRDA:91,5,0,0
BRDA:91,5,1,2
BRDA:94,6,0,0
BRDA:94,6,1,2
BRDA:114,7,0,0
BRDA:114,7,1,8
BRDA:117,8,0,1
BRDA:117,8,1,7
BRDA:144,9,0,1
BRDA:144,9,1,1
BRDA:159,10,0,0
BRDA:159,10,1,1
BRDA:179,11,0,1
BRDA:179,11,1,4
BRDA:185,12,0,3
BRDA:185,12,1,1
BRDA:188,13,0,1
BRDA:188,13,1,3
BRDA:212,14,0,1
BRDA:212,14,1,1
BRDA:225,15,0,0
BRDA:225,15,1,1
BRDA:241,16,0,17
BRDA:241,16,1,1
BRF:34
BRH:28
end_of_record
TN:
SF:src/services/mergeService.js
FN:4,mergeAllData
FN:8,(anonymous_1)
FN:12,(anonymous_2)
FN:18,(anonymous_3)
FN:23,(anonymous_4)
FN:28,(anonymous_5)
FN:33,(anonymous_6)
FN:71,mergePaymentsAndRefunds
FN:79,(anonymous_8)
FN:80,(anonymous_9)
FNF:10
FNH:10
FNDA:6,mergeAllData
FNDA:6,(anonymous_1)
FNDA:6,(anonymous_2)
FNDA:4,(anonymous_3)
FNDA:6,(anonymous_4)
FNDA:4,(anonymous_5)
FNDA:2,(anonymous_6)
FNDA:8,mergePaymentsAndRefunds
FNDA:8,(anonymous_8)
FNDA:6,(anonymous_9)
DA:6,6
DA:8,6
DA:9,6
DA:12,6
DA:13,6
DA:17,6
DA:18,4
DA:22,6
DA:23,6
DA:27,6
DA:28,4
DA:32,6
DA:33,2
DA:37,6
DA:72,8
DA:79,8
DA:80,6
LF:17
LH:17
BRDA:9,0,0,5
BRDA:9,0,1,1
BRDA:13,1,0,4
BRDA:13,1,1,2
BRDA:18,2,0,4
BRDA:18,2,1,1
BRDA:23,3,0,6
BRDA:23,3,1,2
BRDA:28,4,0,4
BRDA:28,4,1,1
BRDA:33,5,0,2
BRDA:33,5,1,1
BRDA:73,6,0,8
BRDA:73,6,1,3
BRDA:79,7,0,8
BRDA:79,7,1,2
BRDA:80,8,0,6
BRDA:80,8,1,2
BRF:18
BRH:18
end_of_record
TN:
SF:src/utils/args.js
FN:1,parseArgs
FNF:1
FNH:1
FNDA:8,parseArgs
DA:2,8
DA:4,8
DA:6,8
DA:7,17
DA:8,11
DA:9,11
DA:12,11
DA:16,8
LF:8
LH:8
BRDA:7,0,0,11
BRDA:7,0,1,6
BRDA:9,1,0,6
BRDA:9,1,1,5
BRDA:9,2,0,11
BRDA:9,2,1,8
BRF:6
BRH:6
end_of_record
